{"numFailedTestSuites":3,"numFailedTests":5,"numPassedTestSuites":13,"numPassedTests":72,"numPendingTestSuites":1,"numPendingTests":16,"numRuntimeErrorTestSuites":0,"numTodoTests":0,"numTotalTestSuites":17,"numTotalTests":93,"openHandles":[],"snapshot":{"added":0,"didUpdate":false,"failure":false,"filesAdded":0,"filesRemoved":0,"filesRemovedList":[],"filesUnmatched":0,"filesUpdated":0,"matched":0,"total":0,"unchecked":0,"uncheckedKeysByFile":[],"unmatched":0,"updated":0},"startTime":1755657433431,"success":false,"testResults":[{"assertionResults":[{"ancestorTitles":["Auth Repositories","UserRepository","findByEmail"],"duration":6,"failing":false,"failureDetails":[],"failureMessages":[],"fullName":"Auth Repositories UserRepository findByEmail deve encontrar usuário por email","invocations":1,"location":null,"numPassingAsserts":2,"retryReasons":[],"startAt":1755657434633,"status":"passed","title":"deve encontrar usuário por email"},{"ancestorTitles":["Auth Repositories","UserRepository","findByEmail"],"duration":2,"failing":false,"failureDetails":[],"failureMessages":[],"fullName":"Auth Repositories UserRepository findByEmail deve retornar null quando usuário não for encontrado","invocations":1,"location":null,"numPassingAsserts":1,"retryReasons":[],"startAt":1755657434641,"status":"passed","title":"deve retornar null quando usuário não for encontrado"},{"ancestorTitles":["Auth Repositories","UserRepository","findByEmail"],"duration":24,"failing":false,"failureDetails":[],"failureMessages":[],"fullName":"Auth Repositories UserRepository findByEmail deve tratar erro de banco de dados","invocations":1,"location":null,"numPassingAsserts":1,"retryReasons":[],"startAt":1755657434643,"status":"passed","title":"deve tratar erro de banco de dados"},{"ancestorTitles":["Auth Repositories","UserRepository","findById"],"duration":1,"failing":false,"failureDetails":[],"failureMessages":[],"fullName":"Auth Repositories UserRepository findById deve encontrar usuário por ID","invocations":1,"location":null,"numPassingAsserts":2,"retryReasons":[],"startAt":1755657434667,"status":"passed","title":"deve encontrar usuário por ID"},{"ancestorTitles":["Auth Repositories","UserRepository","findById"],"duration":0,"failing":false,"failureDetails":[],"failureMessages":[],"fullName":"Auth Repositories UserRepository findById deve retornar null quando usuário não for encontrado","invocations":1,"location":null,"numPassingAsserts":1,"retryReasons":[],"startAt":1755657434669,"status":"passed","title":"deve retornar null quando usuário não for encontrado"},{"ancestorTitles":["Auth Repositories","UserRepository","create"],"duration":2,"failing":false,"failureDetails":[],"failureMessages":[],"fullName":"Auth Repositories UserRepository create deve criar novo usuário","invocations":1,"location":null,"numPassingAsserts":2,"retryReasons":[],"startAt":1755657434670,"status":"passed","title":"deve criar novo usuário"},{"ancestorTitles":["Auth Repositories","UserRepository","create"],"duration":2,"failing":false,"failureDetails":[],"failureMessages":[],"fullName":"Auth Repositories UserRepository create deve tratar erro na criação","invocations":1,"location":null,"numPassingAsserts":1,"retryReasons":[],"startAt":1755657434673,"status":"passed","title":"deve tratar erro na criação"},{"ancestorTitles":["Auth Repositories","UserRepository","updateLastLogin"],"duration":2,"failing":false,"failureDetails":[],"failureMessages":[],"fullName":"Auth Repositories UserRepository updateLastLogin deve atualizar o último login","invocations":1,"location":null,"numPassingAsserts":2,"retryReasons":[],"startAt":1755657434676,"status":"passed","title":"deve atualizar o último login"},{"ancestorTitles":["Auth Repositories","UserRepository","emailExists"],"duration":1,"failing":false,"failureDetails":[],"failureMessages":[],"fullName":"Auth Repositories UserRepository emailExists deve retornar true quando email existir","invocations":1,"location":null,"numPassingAsserts":2,"retryReasons":[],"startAt":1755657434679,"status":"passed","title":"deve retornar true quando email existir"},{"ancestorTitles":["Auth Repositories","UserRepository","emailExists"],"duration":1,"failing":false,"failureDetails":[],"failureMessages":[],"fullName":"Auth Repositories UserRepository emailExists deve retornar false quando email não existir","invocations":1,"location":null,"numPassingAsserts":1,"retryReasons":[],"startAt":1755657434680,"status":"passed","title":"deve retornar false quando email não existir"},{"ancestorTitles":["Auth Repositories","TenantRepository","findById"],"duration":1,"failing":false,"failureDetails":[],"failureMessages":[],"fullName":"Auth Repositories TenantRepository findById deve encontrar tenant por ID","invocations":1,"location":null,"numPassingAsserts":2,"retryReasons":[],"startAt":1755657434681,"status":"passed","title":"deve encontrar tenant por ID"},{"ancestorTitles":["Auth Repositories","TenantRepository","findById"],"duration":1,"failing":false,"failureDetails":[],"failureMessages":[],"fullName":"Auth Repositories TenantRepository findById deve retornar null quando tenant não for encontrado","invocations":1,"location":null,"numPassingAsserts":1,"retryReasons":[],"startAt":1755657434682,"status":"passed","title":"deve retornar null quando tenant não for encontrado"},{"ancestorTitles":["Auth Repositories","TenantRepository","create"],"duration":1,"failing":false,"failureDetails":[],"failureMessages":[],"fullName":"Auth Repositories TenantRepository create deve criar novo tenant","invocations":1,"location":null,"numPassingAsserts":2,"retryReasons":[],"startAt":1755657434683,"status":"passed","title":"deve criar novo tenant"},{"ancestorTitles":["Auth Repositories","TenantRepository","create"],"duration":1,"failing":false,"failureDetails":[],"failureMessages":[],"fullName":"Auth Repositories TenantRepository create deve tratar erro na criação do tenant","invocations":1,"location":null,"numPassingAsserts":1,"retryReasons":[],"startAt":1755657434684,"status":"passed","title":"deve tratar erro na criação do tenant"},{"ancestorTitles":["Auth Repositories","TenantRepository","createTenantWithUser (transação)"],"duration":1,"failing":false,"failureDetails":[],"failureMessages":[],"fullName":"Auth Repositories TenantRepository createTenantWithUser (transação) deve criar tenant e usuário na transação","invocations":1,"location":null,"numPassingAsserts":3,"retryReasons":[],"startAt":1755657434685,"status":"passed","title":"deve criar tenant e usuário na transação"}],"endTime":1755657434688,"message":"","name":"/home/jeferson/Área de trabalho/SAAS Personal-Trainer/apps/api/src/__tests__/repositories/auth.test.ts","startTime":1755657433602,"status":"passed","summary":""},{"assertionResults":[{"ancestorTitles":["Auth Routes","POST /api/auth/register"],"duration":100,"failing":false,"failureDetails":[],"failureMessages":[],"fullName":"Auth Routes POST /api/auth/register deve registrar um novo usuário com dados válidos","invocations":1,"location":null,"numPassingAsserts":3,"retryReasons":[],"startAt":1755657435679,"status":"passed","title":"deve registrar um novo usuário com dados válidos"},{"ancestorTitles":["Auth Routes","POST /api/auth/register"],"duration":8,"failing":false,"failureDetails":[],"failureMessages":[],"fullName":"Auth Routes POST /api/auth/register deve retornar erro 400 para dados inválidos","invocations":1,"location":null,"numPassingAsserts":3,"retryReasons":[],"startAt":1755657435780,"status":"passed","title":"deve retornar erro 400 para dados inválidos"},{"ancestorTitles":["Auth Routes","POST /api/auth/register"],"duration":7,"failing":false,"failureDetails":[],"failureMessages":[],"fullName":"Auth Routes POST /api/auth/register deve retornar erro 400 quando o serviço falha","invocations":1,"location":null,"numPassingAsserts":3,"retryReasons":[],"startAt":1755657435789,"status":"passed","title":"deve retornar erro 400 quando o serviço falha"},{"ancestorTitles":["Auth Routes","POST /api/auth/register"],"duration":5,"failing":false,"failureDetails":[],"failureMessages":[],"fullName":"Auth Routes POST /api/auth/register deve retornar erro 500 para exceções não tratadas","invocations":1,"location":null,"numPassingAsserts":2,"retryReasons":[],"startAt":1755657435796,"status":"passed","title":"deve retornar erro 500 para exceções não tratadas"},{"ancestorTitles":["Auth Routes","POST /api/auth/login"],"duration":8,"failing":false,"failureDetails":[],"failureMessages":[],"fullName":"Auth Routes POST /api/auth/login deve fazer login com credenciais válidas","invocations":1,"location":null,"numPassingAsserts":3,"retryReasons":[],"startAt":1755657435801,"status":"passed","title":"deve fazer login com credenciais válidas"},{"ancestorTitles":["Auth Routes","POST /api/auth/login"],"duration":7,"failing":false,"failureDetails":[],"failureMessages":[],"fullName":"Auth Routes POST /api/auth/login deve retornar erro 400 para dados inválidos","invocations":1,"location":null,"numPassingAsserts":3,"retryReasons":[],"startAt":1755657435809,"status":"passed","title":"deve retornar erro 400 para dados inválidos"},{"ancestorTitles":["Auth Routes","POST /api/auth/login"],"duration":4,"failing":false,"failureDetails":[],"failureMessages":[],"fullName":"Auth Routes POST /api/auth/login deve retornar erro 401 para credenciais inválidas","invocations":1,"location":null,"numPassingAsserts":3,"retryReasons":[],"startAt":1755657435816,"status":"passed","title":"deve retornar erro 401 para credenciais inválidas"},{"ancestorTitles":["Auth Routes","POST /api/auth/refresh"],"duration":7,"failing":false,"failureDetails":[],"failureMessages":[],"fullName":"Auth Routes POST /api/auth/refresh deve renovar token com refresh token válido","invocations":1,"location":null,"numPassingAsserts":3,"retryReasons":[],"startAt":1755657435820,"status":"passed","title":"deve renovar token com refresh token válido"},{"ancestorTitles":["Auth Routes","POST /api/auth/refresh"],"duration":7,"failing":false,"failureDetails":[],"failureMessages":[],"fullName":"Auth Routes POST /api/auth/refresh deve retornar erro 400 para refresh token ausente","invocations":1,"location":null,"numPassingAsserts":3,"retryReasons":[],"startAt":1755657435828,"status":"passed","title":"deve retornar erro 400 para refresh token ausente"},{"ancestorTitles":["Auth Routes","POST /api/auth/refresh"],"duration":5,"failing":false,"failureDetails":[],"failureMessages":[],"fullName":"Auth Routes POST /api/auth/refresh deve retornar erro 401 para refresh token inválido","invocations":1,"location":null,"numPassingAsserts":3,"retryReasons":[],"startAt":1755657435836,"status":"passed","title":"deve retornar erro 401 para refresh token inválido"}],"endTime":1755657435843,"message":"","name":"/home/jeferson/Área de trabalho/SAAS Personal-Trainer/apps/api/src/__tests__/routes/auth.test.ts","startTime":1755657434753,"status":"passed","summary":""},{"assertionResults":[{"ancestorTitles":["UserRepository (extended)","findByEmail"],"duration":null,"failing":false,"failureDetails":[],"failureMessages":[],"fullName":"UserRepository (extended) findByEmail deve retornar usuário quando encontrado","invocations":1,"location":null,"numPassingAsserts":0,"retryReasons":[],"startAt":1755657435995,"status":"pending","title":"deve retornar usuário quando encontrado"},{"ancestorTitles":["UserRepository (extended)","findByEmail"],"duration":null,"failing":false,"failureDetails":[],"failureMessages":[],"fullName":"UserRepository (extended) findByEmail deve retornar null quando usuário não encontrado","invocations":1,"location":null,"numPassingAsserts":0,"retryReasons":[],"startAt":1755657435995,"status":"pending","title":"deve retornar null quando usuário não encontrado"},{"ancestorTitles":["UserRepository (extended)","findByEmail"],"duration":null,"failing":false,"failureDetails":[],"failureMessages":[],"fullName":"UserRepository (extended) findByEmail deve lançar erro quando há problema no banco","invocations":1,"location":null,"numPassingAsserts":0,"retryReasons":[],"startAt":1755657435995,"status":"pending","title":"deve lançar erro quando há problema no banco"},{"ancestorTitles":["UserRepository (extended)","findById"],"duration":null,"failing":false,"failureDetails":[],"failureMessages":[],"fullName":"UserRepository (extended) findById deve retornar usuário por ID","invocations":1,"location":null,"numPassingAsserts":0,"retryReasons":[],"startAt":1755657435996,"status":"pending","title":"deve retornar usuário por ID"},{"ancestorTitles":["UserRepository (extended)","findById"],"duration":null,"failing":false,"failureDetails":[],"failureMessages":[],"fullName":"UserRepository (extended) findById deve retornar null quando usuário não encontrado por ID","invocations":1,"location":null,"numPassingAsserts":0,"retryReasons":[],"startAt":1755657435996,"status":"pending","title":"deve retornar null quando usuário não encontrado por ID"},{"ancestorTitles":["UserRepository (extended)","create"],"duration":null,"failing":false,"failureDetails":[],"failureMessages":[],"fullName":"UserRepository (extended) create deve criar novo usuário com sucesso","invocations":1,"location":null,"numPassingAsserts":0,"retryReasons":[],"startAt":1755657435996,"status":"pending","title":"deve criar novo usuário com sucesso"},{"ancestorTitles":["UserRepository (extended)","create"],"duration":null,"failing":false,"failureDetails":[],"failureMessages":[],"fullName":"UserRepository (extended) create deve lançar erro quando email já existe","invocations":1,"location":null,"numPassingAsserts":0,"retryReasons":[],"startAt":1755657435996,"status":"pending","title":"deve lançar erro quando email já existe"},{"ancestorTitles":["UserRepository (extended)","getPasswordHash"],"duration":null,"failing":false,"failureDetails":[],"failureMessages":[],"fullName":"UserRepository (extended) getPasswordHash deve retornar hash da senha","invocations":1,"location":null,"numPassingAsserts":0,"retryReasons":[],"startAt":1755657435996,"status":"pending","title":"deve retornar hash da senha"},{"ancestorTitles":["UserRepository (extended)","getPasswordHash"],"duration":null,"failing":false,"failureDetails":[],"failureMessages":[],"fullName":"UserRepository (extended) getPasswordHash deve retornar null quando usuário não encontrado","invocations":1,"location":null,"numPassingAsserts":0,"retryReasons":[],"startAt":1755657435996,"status":"pending","title":"deve retornar null quando usuário não encontrado"},{"ancestorTitles":["UserRepository (extended)","updateLastLogin"],"duration":null,"failing":false,"failureDetails":[],"failureMessages":[],"fullName":"UserRepository (extended) updateLastLogin deve atualizar último login com sucesso","invocations":1,"location":null,"numPassingAsserts":0,"retryReasons":[],"startAt":1755657435996,"status":"pending","title":"deve atualizar último login com sucesso"},{"ancestorTitles":["UserRepository (extended)","emailExists"],"duration":null,"failing":false,"failureDetails":[],"failureMessages":[],"fullName":"UserRepository (extended) emailExists deve retornar true quando email existe","invocations":1,"location":null,"numPassingAsserts":0,"retryReasons":[],"startAt":1755657435996,"status":"pending","title":"deve retornar true quando email existe"},{"ancestorTitles":["UserRepository (extended)","emailExists"],"duration":null,"failing":false,"failureDetails":[],"failureMessages":[],"fullName":"UserRepository (extended) emailExists deve retornar false quando email não existe","invocations":1,"location":null,"numPassingAsserts":0,"retryReasons":[],"startAt":1755657435996,"status":"pending","title":"deve retornar false quando email não existe"},{"ancestorTitles":["TenantRepository (extended)","findById"],"duration":null,"failing":false,"failureDetails":[],"failureMessages":[],"fullName":"TenantRepository (extended) findById deve retornar tenant por ID","invocations":1,"location":null,"numPassingAsserts":0,"retryReasons":[],"startAt":1755657435996,"status":"pending","title":"deve retornar tenant por ID"},{"ancestorTitles":["TenantRepository (extended)","findById"],"duration":null,"failing":false,"failureDetails":[],"failureMessages":[],"fullName":"TenantRepository (extended) findById deve retornar null quando tenant não encontrado","invocations":1,"location":null,"numPassingAsserts":0,"retryReasons":[],"startAt":1755657435997,"status":"pending","title":"deve retornar null quando tenant não encontrado"},{"ancestorTitles":["TenantRepository (extended)","create"],"duration":null,"failing":false,"failureDetails":[],"failureMessages":[],"fullName":"TenantRepository (extended) create deve criar novo tenant","invocations":1,"location":null,"numPassingAsserts":0,"retryReasons":[],"startAt":1755657435997,"status":"pending","title":"deve criar novo tenant"},{"ancestorTitles":["TenantRepository (extended)","create"],"duration":null,"failing":false,"failureDetails":[],"failureMessages":[],"fullName":"TenantRepository (extended) create deve lançar erro em caso de falha","invocations":1,"location":null,"numPassingAsserts":0,"retryReasons":[],"startAt":1755657435997,"status":"pending","title":"deve lançar erro em caso de falha"}],"coverage":{},"endTime":1755657440001,"message":"","name":"/home/jeferson/Área de trabalho/SAAS Personal-Trainer/apps/api/src/__tests__/repositories/auth-extended.test.ts","startTime":1755657440001,"status":"skipped","summary":""},{"assertionResults":[{"ancestorTitles":["AuthService","login"],"duration":2,"failing":false,"failureDetails":[],"failureMessages":[],"fullName":"AuthService login deve fazer login com credenciais válidas","invocations":1,"location":null,"numPassingAsserts":2,"retryReasons":[],"startAt":1755657436260,"status":"passed","title":"deve fazer login com credenciais válidas"},{"ancestorTitles":["AuthService","login"],"duration":0,"failing":false,"failureDetails":[],"failureMessages":[],"fullName":"AuthService login deve retornar erro para usuário não encontrado","invocations":1,"location":null,"numPassingAsserts":1,"retryReasons":[],"startAt":1755657436263,"status":"passed","title":"deve retornar erro para usuário não encontrado"},{"ancestorTitles":["AuthService","login"],"duration":1,"failing":false,"failureDetails":[],"failureMessages":[],"fullName":"AuthService login deve retornar erro para senha inválida","invocations":1,"location":null,"numPassingAsserts":1,"retryReasons":[],"startAt":1755657436263,"status":"passed","title":"deve retornar erro para senha inválida"},{"ancestorTitles":["AuthService","register"],"duration":2,"failing":false,"failureDetails":[{"matcherResult":{"message":"expect(jest.fn()).toHaveBeenCalledWith(...expected)\n\nExpected: \"new@example.com\"\n\nNumber of calls: 0","pass":false}}],"failureMessages":["Error: expect(jest.fn()).toHaveBeenCalledWith(...expected)\n\nExpected: \"new@example.com\"\n\nNumber of calls: 0\n    at Object.<anonymous> (/home/jeferson/Área de trabalho/SAAS Personal-Trainer/apps/api/src/__tests__/services/auth.test.ts:169:42)"],"fullName":"AuthService register deve registrar novo usuário com sucesso","invocations":1,"location":null,"numPassingAsserts":1,"retryReasons":[],"startAt":1755657436264,"status":"failed","title":"deve registrar novo usuário com sucesso"},{"ancestorTitles":["AuthService","register"],"duration":1,"failing":false,"failureDetails":[],"failureMessages":[],"fullName":"AuthService register deve retornar erro para email já existente","invocations":1,"location":null,"numPassingAsserts":1,"retryReasons":[],"startAt":1755657436275,"status":"passed","title":"deve retornar erro para email já existente"},{"ancestorTitles":["AuthService","refreshToken"],"duration":2,"failing":false,"failureDetails":[],"failureMessages":[],"fullName":"AuthService refreshToken deve renovar token com refresh token válido","invocations":1,"location":null,"numPassingAsserts":1,"retryReasons":[],"startAt":1755657436276,"status":"passed","title":"deve renovar token com refresh token válido"},{"ancestorTitles":["AuthService","refreshToken"],"duration":1,"failing":false,"failureDetails":[],"failureMessages":[],"fullName":"AuthService refreshToken deve retornar erro para refresh token inválido","invocations":1,"location":null,"numPassingAsserts":1,"retryReasons":[],"startAt":1755657436278,"status":"passed","title":"deve retornar erro para refresh token inválido"}],"endTime":1755657436296,"message":"  ● AuthService › register › deve registrar novo usuário com sucesso\n\n    expect(jest.fn()).toHaveBeenCalledWith(...expected)\n\n    Expected: \"new@example.com\"\n\n    Number of calls: 0\n\n    \u001b[0m \u001b[90m 167 |\u001b[39m\n     \u001b[90m 168 |\u001b[39m       expect(result\u001b[33m.\u001b[39msuccess)\u001b[33m.\u001b[39mtoBe(\u001b[36mtrue\u001b[39m)\u001b[33m;\u001b[39m\n    \u001b[31m\u001b[1m>\u001b[22m\u001b[39m\u001b[90m 169 |\u001b[39m       expect(\u001b[33mUserRepository\u001b[39m\u001b[33m.\u001b[39mfindByEmail)\u001b[33m.\u001b[39mtoHaveBeenCalledWith(\n     \u001b[90m     |\u001b[39m                                          \u001b[31m\u001b[1m^\u001b[22m\u001b[39m\n     \u001b[90m 170 |\u001b[39m         registerData\u001b[33m.\u001b[39memail\n     \u001b[90m 171 |\u001b[39m       )\u001b[33m;\u001b[39m\n     \u001b[90m 172 |\u001b[39m     })\u001b[33m;\u001b[39m\u001b[0m\n\n      at Object.<anonymous> (src/__tests__/services/auth.test.ts:169:42)\n","name":"/home/jeferson/Área de trabalho/SAAS Personal-Trainer/apps/api/src/__tests__/services/auth.test.ts","startTime":1755657436019,"status":"failed","summary":""},{"assertionResults":[{"ancestorTitles":["Validation Middleware","validateBody"],"duration":1,"failing":false,"failureDetails":[],"failureMessages":[],"fullName":"Validation Middleware validateBody deve validar dados válidos corretamente","invocations":1,"location":null,"numPassingAsserts":3,"retryReasons":[],"startAt":1755657436447,"status":"passed","title":"deve validar dados válidos corretamente"},{"ancestorTitles":["Validation Middleware","validateBody"],"duration":1,"failing":false,"failureDetails":[],"failureMessages":[],"fullName":"Validation Middleware validateBody deve retornar erro para dados inválidos","invocations":1,"location":null,"numPassingAsserts":3,"retryReasons":[],"startAt":1755657436449,"status":"passed","title":"deve retornar erro para dados inválidos"},{"ancestorTitles":["Validation Middleware","validateBody"],"duration":1,"failing":false,"failureDetails":[],"failureMessages":[],"fullName":"Validation Middleware validateBody deve retornar erro para campos obrigatórios ausentes","invocations":1,"location":null,"numPassingAsserts":3,"retryReasons":[],"startAt":1755657436450,"status":"passed","title":"deve retornar erro para campos obrigatórios ausentes"},{"ancestorTitles":["Validation Middleware","validateParams"],"duration":1,"failing":false,"failureDetails":[],"failureMessages":[],"fullName":"Validation Middleware validateParams deve validar UUID válido","invocations":1,"location":null,"numPassingAsserts":2,"retryReasons":[],"startAt":1755657436452,"status":"passed","title":"deve validar UUID válido"},{"ancestorTitles":["Validation Middleware","validateParams"],"duration":1,"failing":false,"failureDetails":[],"failureMessages":[],"fullName":"Validation Middleware validateParams deve retornar erro para UUID inválido","invocations":1,"location":null,"numPassingAsserts":3,"retryReasons":[],"startAt":1755657436453,"status":"passed","title":"deve retornar erro para UUID inválido"},{"ancestorTitles":["Validation Middleware","validateQuery"],"duration":1,"failing":false,"failureDetails":[],"failureMessages":[],"fullName":"Validation Middleware validateQuery deve validar query parameters válidos","invocations":1,"location":null,"numPassingAsserts":2,"retryReasons":[],"startAt":1755657436454,"status":"passed","title":"deve validar query parameters válidos"},{"ancestorTitles":["Validation Middleware","validateQuery"],"duration":2,"failing":false,"failureDetails":[],"failureMessages":[],"fullName":"Validation Middleware validateQuery deve retornar erro para query parameters inválidos","invocations":1,"location":null,"numPassingAsserts":3,"retryReasons":[],"startAt":1755657436456,"status":"passed","title":"deve retornar erro para query parameters inválidos"}],"endTime":1755657436459,"message":"","name":"/home/jeferson/Área de trabalho/SAAS Personal-Trainer/apps/api/src/__tests__/middleware/validation.test.ts","startTime":1755657436310,"status":"passed","summary":""},{"assertionResults":[{"ancestorTitles":["WorkoutRepository"],"duration":3,"failing":false,"failureDetails":[],"failureMessages":[],"fullName":"WorkoutRepository create deve inserir treino e exercícios","invocations":1,"location":null,"numPassingAsserts":2,"retryReasons":[],"startAt":1755657436607,"status":"passed","title":"create deve inserir treino e exercícios"},{"ancestorTitles":["WorkoutRepository"],"duration":1,"failing":false,"failureDetails":[],"failureMessages":[],"fullName":"WorkoutRepository findById deve retornar treino mapeado","invocations":1,"location":null,"numPassingAsserts":2,"retryReasons":[],"startAt":1755657436611,"status":"passed","title":"findById deve retornar treino mapeado"},{"ancestorTitles":["WorkoutRepository"],"duration":0,"failing":false,"failureDetails":[],"failureMessages":[],"fullName":"WorkoutRepository delete deve retornar true quando apagar","invocations":1,"location":null,"numPassingAsserts":1,"retryReasons":[],"startAt":1755657436612,"status":"passed","title":"delete deve retornar true quando apagar"}],"endTime":1755657436613,"message":"","name":"/home/jeferson/Área de trabalho/SAAS Personal-Trainer/apps/api/src/__tests__/repositories/workouts.test.ts","startTime":1755657436471,"status":"passed","summary":""},{"assertionResults":[{"ancestorTitles":["RefreshTokenRepository","create"],"duration":2,"failing":false,"failureDetails":[],"failureMessages":[],"fullName":"RefreshTokenRepository create deve criar novo refresh token","invocations":1,"location":null,"numPassingAsserts":2,"retryReasons":[],"startAt":1755657436765,"status":"passed","title":"deve criar novo refresh token"},{"ancestorTitles":["RefreshTokenRepository","verify"],"duration":0,"failing":false,"failureDetails":[],"failureMessages":[],"fullName":"RefreshTokenRepository verify deve verificar refresh token válido","invocations":1,"location":null,"numPassingAsserts":1,"retryReasons":[],"startAt":1755657436767,"status":"passed","title":"deve verificar refresh token válido"},{"ancestorTitles":["RefreshTokenRepository","verify"],"duration":0,"failing":false,"failureDetails":[],"failureMessages":[],"fullName":"RefreshTokenRepository verify deve retornar null para token inválido","invocations":1,"location":null,"numPassingAsserts":1,"retryReasons":[],"startAt":1755657436768,"status":"passed","title":"deve retornar null para token inválido"},{"ancestorTitles":["RefreshTokenRepository","revoke"],"duration":1,"failing":false,"failureDetails":[],"failureMessages":[],"fullName":"RefreshTokenRepository revoke deve revogar refresh token","invocations":1,"location":null,"numPassingAsserts":2,"retryReasons":[],"startAt":1755657436768,"status":"passed","title":"deve revogar refresh token"},{"ancestorTitles":["RefreshTokenRepository","revoke"],"duration":0,"failing":false,"failureDetails":[],"failureMessages":[],"fullName":"RefreshTokenRepository revoke deve retornar false quando token não for encontrado","invocations":1,"location":null,"numPassingAsserts":2,"retryReasons":[],"startAt":1755657436769,"status":"passed","title":"deve retornar false quando token não for encontrado"}],"endTime":1755657436770,"message":"","name":"/home/jeferson/Área de trabalho/SAAS Personal-Trainer/apps/api/src/__tests__/repositories/refreshToken.test.ts","startTime":1755657436625,"status":"passed","summary":""},{"assertionResults":[{"ancestorTitles":["Clients Routes","PATCH /api/clients/:id/deactivate"],"duration":14,"failing":false,"failureDetails":[{}],"failureMessages":["Error: expected 200 \"OK\", got 400 \"Bad Request\"\n    at Object.<anonymous> (/home/jeferson/Área de trabalho/SAAS Personal-Trainer/apps/api/src/__tests__/routes/clients.test.ts:39:10)\n    at Promise.finally.completed (/home/jeferson/Área de trabalho/SAAS Personal-Trainer/apps/api/node_modules/jest-circus/build/jestAdapterInit.js:1559:28)\n    at new Promise (<anonymous>)\n    at callAsyncCircusFn (/home/jeferson/Área de trabalho/SAAS Personal-Trainer/apps/api/node_modules/jest-circus/build/jestAdapterInit.js:1499:10)\n    at _callCircusTest (/home/jeferson/Área de trabalho/SAAS Personal-Trainer/apps/api/node_modules/jest-circus/build/jestAdapterInit.js:1009:40)\n    at _runTest (/home/jeferson/Área de trabalho/SAAS Personal-Trainer/apps/api/node_modules/jest-circus/build/jestAdapterInit.js:949:3)\n    at _runTestsForDescribeBlock (/home/jeferson/Área de trabalho/SAAS Personal-Trainer/apps/api/node_modules/jest-circus/build/jestAdapterInit.js:839:13)\n    at _runTestsForDescribeBlock (/home/jeferson/Área de trabalho/SAAS Personal-Trainer/apps/api/node_modules/jest-circus/build/jestAdapterInit.js:829:11)\n    at _runTestsForDescribeBlock (/home/jeferson/Área de trabalho/SAAS Personal-Trainer/apps/api/node_modules/jest-circus/build/jestAdapterInit.js:829:11)\n    at run (/home/jeferson/Área de trabalho/SAAS Personal-Trainer/apps/api/node_modules/jest-circus/build/jestAdapterInit.js:757:3)\n    at runAndTransformResultsToJestFormat (/home/jeferson/Área de trabalho/SAAS Personal-Trainer/apps/api/node_modules/jest-circus/build/jestAdapterInit.js:1920:21)\n    at jestAdapter (/home/jeferson/Área de trabalho/SAAS Personal-Trainer/apps/api/node_modules/jest-circus/build/runner.js:101:19)\n    at runTestInternal (/home/jeferson/Área de trabalho/SAAS Personal-Trainer/apps/api/node_modules/jest-runner/build/index.js:275:16)\n    at runTest (/home/jeferson/Área de trabalho/SAAS Personal-Trainer/apps/api/node_modules/jest-runner/build/index.js:343:7)\n----\n    at Test._assertStatus (/home/jeferson/Área de trabalho/SAAS Personal-Trainer/node_modules/supertest/lib/test.js:309:14)\n    at /home/jeferson/Área de trabalho/SAAS Personal-Trainer/node_modules/supertest/lib/test.js:365:13\n    at Test._assertFunction (/home/jeferson/Área de trabalho/SAAS Personal-Trainer/node_modules/supertest/lib/test.js:342:13)\n    at Test.assert (/home/jeferson/Área de trabalho/SAAS Personal-Trainer/node_modules/supertest/lib/test.js:195:23)\n    at localAssert (/home/jeferson/Área de trabalho/SAAS Personal-Trainer/node_modules/supertest/lib/test.js:138:14)\n    at Server.<anonymous> (/home/jeferson/Área de trabalho/SAAS Personal-Trainer/node_modules/supertest/lib/test.js:152:11)\n    at Object.onceWrapper (node:events:632:28)\n    at Server.emit (node:events:518:28)\n    at emitCloseNT (node:net:2419:8)\n    at processTicksAndRejections (node:internal/process/task_queues:89:21)"],"fullName":"Clients Routes PATCH /api/clients/:id/deactivate deve desativar cliente com sucesso","invocations":1,"location":null,"numPassingAsserts":0,"retryReasons":[],"startAt":1755657436999,"status":"failed","title":"deve desativar cliente com sucesso"},{"ancestorTitles":["Clients Routes","PATCH /api/clients/:id/deactivate"],"duration":4,"failing":false,"failureDetails":[{}],"failureMessages":["Error: expected 404 \"Not Found\", got 400 \"Bad Request\"\n    at Object.<anonymous> (/home/jeferson/Área de trabalho/SAAS Personal-Trainer/apps/api/src/__tests__/routes/clients.test.ts:53:10)\n    at Promise.finally.completed (/home/jeferson/Área de trabalho/SAAS Personal-Trainer/apps/api/node_modules/jest-circus/build/jestAdapterInit.js:1559:28)\n    at new Promise (<anonymous>)\n    at callAsyncCircusFn (/home/jeferson/Área de trabalho/SAAS Personal-Trainer/apps/api/node_modules/jest-circus/build/jestAdapterInit.js:1499:10)\n    at _callCircusTest (/home/jeferson/Área de trabalho/SAAS Personal-Trainer/apps/api/node_modules/jest-circus/build/jestAdapterInit.js:1009:40)\n    at processTicksAndRejections (node:internal/process/task_queues:105:5)\n    at _runTest (/home/jeferson/Área de trabalho/SAAS Personal-Trainer/apps/api/node_modules/jest-circus/build/jestAdapterInit.js:949:3)\n    at _runTestsForDescribeBlock (/home/jeferson/Área de trabalho/SAAS Personal-Trainer/apps/api/node_modules/jest-circus/build/jestAdapterInit.js:839:13)\n    at _runTestsForDescribeBlock (/home/jeferson/Área de trabalho/SAAS Personal-Trainer/apps/api/node_modules/jest-circus/build/jestAdapterInit.js:829:11)\n    at _runTestsForDescribeBlock (/home/jeferson/Área de trabalho/SAAS Personal-Trainer/apps/api/node_modules/jest-circus/build/jestAdapterInit.js:829:11)\n    at run (/home/jeferson/Área de trabalho/SAAS Personal-Trainer/apps/api/node_modules/jest-circus/build/jestAdapterInit.js:757:3)\n    at runAndTransformResultsToJestFormat (/home/jeferson/Área de trabalho/SAAS Personal-Trainer/apps/api/node_modules/jest-circus/build/jestAdapterInit.js:1920:21)\n    at jestAdapter (/home/jeferson/Área de trabalho/SAAS Personal-Trainer/apps/api/node_modules/jest-circus/build/runner.js:101:19)\n    at runTestInternal (/home/jeferson/Área de trabalho/SAAS Personal-Trainer/apps/api/node_modules/jest-runner/build/index.js:275:16)\n    at runTest (/home/jeferson/Área de trabalho/SAAS Personal-Trainer/apps/api/node_modules/jest-runner/build/index.js:343:7)\n----\n    at Test._assertStatus (/home/jeferson/Área de trabalho/SAAS Personal-Trainer/node_modules/supertest/lib/test.js:309:14)\n    at /home/jeferson/Área de trabalho/SAAS Personal-Trainer/node_modules/supertest/lib/test.js:365:13\n    at Test._assertFunction (/home/jeferson/Área de trabalho/SAAS Personal-Trainer/node_modules/supertest/lib/test.js:342:13)\n    at Test.assert (/home/jeferson/Área de trabalho/SAAS Personal-Trainer/node_modules/supertest/lib/test.js:195:23)\n    at localAssert (/home/jeferson/Área de trabalho/SAAS Personal-Trainer/node_modules/supertest/lib/test.js:138:14)\n    at Server.<anonymous> (/home/jeferson/Área de trabalho/SAAS Personal-Trainer/node_modules/supertest/lib/test.js:152:11)\n    at Object.onceWrapper (node:events:632:28)\n    at Server.emit (node:events:518:28)\n    at emitCloseNT (node:net:2419:8)\n    at processTicksAndRejections (node:internal/process/task_queues:89:21)"],"fullName":"Clients Routes PATCH /api/clients/:id/deactivate deve retornar erro 404 quando cliente não for encontrado","invocations":1,"location":null,"numPassingAsserts":0,"retryReasons":[],"startAt":1755657437014,"status":"failed","title":"deve retornar erro 404 quando cliente não for encontrado"},{"ancestorTitles":["Clients Routes","PATCH /api/clients/:id/deactivate"],"duration":4,"failing":false,"failureDetails":[{}],"failureMessages":["Error: expected 500 \"Internal Server Error\", got 400 \"Bad Request\"\n    at Object.<anonymous> (/home/jeferson/Área de trabalho/SAAS Personal-Trainer/apps/api/src/__tests__/routes/clients.test.ts:69:10)\n    at Promise.finally.completed (/home/jeferson/Área de trabalho/SAAS Personal-Trainer/apps/api/node_modules/jest-circus/build/jestAdapterInit.js:1559:28)\n    at new Promise (<anonymous>)\n    at callAsyncCircusFn (/home/jeferson/Área de trabalho/SAAS Personal-Trainer/apps/api/node_modules/jest-circus/build/jestAdapterInit.js:1499:10)\n    at _callCircusTest (/home/jeferson/Área de trabalho/SAAS Personal-Trainer/apps/api/node_modules/jest-circus/build/jestAdapterInit.js:1009:40)\n    at processTicksAndRejections (node:internal/process/task_queues:105:5)\n    at _runTest (/home/jeferson/Área de trabalho/SAAS Personal-Trainer/apps/api/node_modules/jest-circus/build/jestAdapterInit.js:949:3)\n    at _runTestsForDescribeBlock (/home/jeferson/Área de trabalho/SAAS Personal-Trainer/apps/api/node_modules/jest-circus/build/jestAdapterInit.js:839:13)\n    at _runTestsForDescribeBlock (/home/jeferson/Área de trabalho/SAAS Personal-Trainer/apps/api/node_modules/jest-circus/build/jestAdapterInit.js:829:11)\n    at _runTestsForDescribeBlock (/home/jeferson/Área de trabalho/SAAS Personal-Trainer/apps/api/node_modules/jest-circus/build/jestAdapterInit.js:829:11)\n    at run (/home/jeferson/Área de trabalho/SAAS Personal-Trainer/apps/api/node_modules/jest-circus/build/jestAdapterInit.js:757:3)\n    at runAndTransformResultsToJestFormat (/home/jeferson/Área de trabalho/SAAS Personal-Trainer/apps/api/node_modules/jest-circus/build/jestAdapterInit.js:1920:21)\n    at jestAdapter (/home/jeferson/Área de trabalho/SAAS Personal-Trainer/apps/api/node_modules/jest-circus/build/runner.js:101:19)\n    at runTestInternal (/home/jeferson/Área de trabalho/SAAS Personal-Trainer/apps/api/node_modules/jest-runner/build/index.js:275:16)\n    at runTest (/home/jeferson/Área de trabalho/SAAS Personal-Trainer/apps/api/node_modules/jest-runner/build/index.js:343:7)\n----\n    at Test._assertStatus (/home/jeferson/Área de trabalho/SAAS Personal-Trainer/node_modules/supertest/lib/test.js:309:14)\n    at /home/jeferson/Área de trabalho/SAAS Personal-Trainer/node_modules/supertest/lib/test.js:365:13\n    at Test._assertFunction (/home/jeferson/Área de trabalho/SAAS Personal-Trainer/node_modules/supertest/lib/test.js:342:13)\n    at Test.assert (/home/jeferson/Área de trabalho/SAAS Personal-Trainer/node_modules/supertest/lib/test.js:195:23)\n    at localAssert (/home/jeferson/Área de trabalho/SAAS Personal-Trainer/node_modules/supertest/lib/test.js:138:14)\n    at Server.<anonymous> (/home/jeferson/Área de trabalho/SAAS Personal-Trainer/node_modules/supertest/lib/test.js:152:11)\n    at Object.onceWrapper (node:events:632:28)\n    at Server.emit (node:events:518:28)\n    at emitCloseNT (node:net:2419:8)\n    at processTicksAndRejections (node:internal/process/task_queues:89:21)"],"fullName":"Clients Routes PATCH /api/clients/:id/deactivate deve tratar erro do repository","invocations":1,"location":null,"numPassingAsserts":0,"retryReasons":[],"startAt":1755657437018,"status":"failed","title":"deve tratar erro do repository"},{"ancestorTitles":["Clients Routes","PATCH /api/clients/:id/deactivate"],"duration":7,"failing":false,"failureDetails":[],"failureMessages":[],"fullName":"Clients Routes PATCH /api/clients/:id/deactivate deve validar ID do parâmetro","invocations":1,"location":null,"numPassingAsserts":2,"retryReasons":[],"startAt":1755657437022,"status":"passed","title":"deve validar ID do parâmetro"}],"endTime":1755657437043,"message":"  ● Clients Routes › PATCH /api/clients/:id/deactivate › deve desativar cliente com sucesso\n\n    expected 200 \"OK\", got 400 \"Bad Request\"\n\n    \u001b[0m \u001b[90m 37 |\u001b[39m       \u001b[36mconst\u001b[39m response \u001b[33m=\u001b[39m \u001b[36mawait\u001b[39m request(app)\n     \u001b[90m 38 |\u001b[39m         \u001b[33m.\u001b[39mpatch(\u001b[32m\"/api/clients/1/deactivate\"\u001b[39m)\n    \u001b[31m\u001b[1m>\u001b[22m\u001b[39m\u001b[90m 39 |\u001b[39m         \u001b[33m.\u001b[39mexpect(\u001b[35m200\u001b[39m)\u001b[33m;\u001b[39m\n     \u001b[90m    |\u001b[39m          \u001b[31m\u001b[1m^\u001b[22m\u001b[39m\n     \u001b[90m 40 |\u001b[39m\n     \u001b[90m 41 |\u001b[39m       expect(response\u001b[33m.\u001b[39mbody)\u001b[33m.\u001b[39mtoEqual({\n     \u001b[90m 42 |\u001b[39m         success\u001b[33m:\u001b[39m \u001b[36mtrue\u001b[39m\u001b[33m,\u001b[39m\u001b[0m\n\n      at Object.<anonymous> (src/__tests__/routes/clients.test.ts:39:10)\n      ----\n      at Test._assertStatus (../../node_modules/supertest/lib/test.js:309:14)\n      at ../../node_modules/supertest/lib/test.js:365:13\n      at Test._assertFunction (../../node_modules/supertest/lib/test.js:342:13)\n      at Test.assert (../../node_modules/supertest/lib/test.js:195:23)\n      at localAssert (../../node_modules/supertest/lib/test.js:138:14)\n      at Server.<anonymous> (../../node_modules/supertest/lib/test.js:152:11)\n\n  ● Clients Routes › PATCH /api/clients/:id/deactivate › deve retornar erro 404 quando cliente não for encontrado\n\n    expected 404 \"Not Found\", got 400 \"Bad Request\"\n\n    \u001b[0m \u001b[90m 51 |\u001b[39m       \u001b[36mconst\u001b[39m response \u001b[33m=\u001b[39m \u001b[36mawait\u001b[39m request(app)\n     \u001b[90m 52 |\u001b[39m         \u001b[33m.\u001b[39mpatch(\u001b[32m\"/api/clients/999/deactivate\"\u001b[39m)\n    \u001b[31m\u001b[1m>\u001b[22m\u001b[39m\u001b[90m 53 |\u001b[39m         \u001b[33m.\u001b[39mexpect(\u001b[35m404\u001b[39m)\u001b[33m;\u001b[39m\n     \u001b[90m    |\u001b[39m          \u001b[31m\u001b[1m^\u001b[22m\u001b[39m\n     \u001b[90m 54 |\u001b[39m\n     \u001b[90m 55 |\u001b[39m       expect(response\u001b[33m.\u001b[39mbody)\u001b[33m.\u001b[39mtoEqual({\n     \u001b[90m 56 |\u001b[39m         success\u001b[33m:\u001b[39m \u001b[36mfalse\u001b[39m\u001b[33m,\u001b[39m\u001b[0m\n\n      at Object.<anonymous> (src/__tests__/routes/clients.test.ts:53:10)\n      ----\n      at Test._assertStatus (../../node_modules/supertest/lib/test.js:309:14)\n      at ../../node_modules/supertest/lib/test.js:365:13\n      at Test._assertFunction (../../node_modules/supertest/lib/test.js:342:13)\n      at Test.assert (../../node_modules/supertest/lib/test.js:195:23)\n      at localAssert (../../node_modules/supertest/lib/test.js:138:14)\n      at Server.<anonymous> (../../node_modules/supertest/lib/test.js:152:11)\n\n  ● Clients Routes › PATCH /api/clients/:id/deactivate › deve tratar erro do repository\n\n    expected 500 \"Internal Server Error\", got 400 \"Bad Request\"\n\n    \u001b[0m \u001b[90m 67 |\u001b[39m       \u001b[36mconst\u001b[39m response \u001b[33m=\u001b[39m \u001b[36mawait\u001b[39m request(app)\n     \u001b[90m 68 |\u001b[39m         \u001b[33m.\u001b[39mpatch(\u001b[32m\"/api/clients/1/deactivate\"\u001b[39m)\n    \u001b[31m\u001b[1m>\u001b[22m\u001b[39m\u001b[90m 69 |\u001b[39m         \u001b[33m.\u001b[39mexpect(\u001b[35m500\u001b[39m)\u001b[33m;\u001b[39m\n     \u001b[90m    |\u001b[39m          \u001b[31m\u001b[1m^\u001b[22m\u001b[39m\n     \u001b[90m 70 |\u001b[39m\n     \u001b[90m 71 |\u001b[39m       expect(response\u001b[33m.\u001b[39mbody)\u001b[33m.\u001b[39mtoHaveProperty(\u001b[32m\"success\"\u001b[39m\u001b[33m,\u001b[39m \u001b[36mfalse\u001b[39m)\u001b[33m;\u001b[39m\n     \u001b[90m 72 |\u001b[39m       expect(response\u001b[33m.\u001b[39mbody)\u001b[33m.\u001b[39mtoHaveProperty(\u001b[0m\n\n      at Object.<anonymous> (src/__tests__/routes/clients.test.ts:69:10)\n      ----\n      at Test._assertStatus (../../node_modules/supertest/lib/test.js:309:14)\n      at ../../node_modules/supertest/lib/test.js:365:13\n      at Test._assertFunction (../../node_modules/supertest/lib/test.js:342:13)\n      at Test.assert (../../node_modules/supertest/lib/test.js:195:23)\n      at localAssert (../../node_modules/supertest/lib/test.js:138:14)\n      at Server.<anonymous> (../../node_modules/supertest/lib/test.js:152:11)\n","name":"/home/jeferson/Área de trabalho/SAAS Personal-Trainer/apps/api/src/__tests__/routes/clients.test.ts","startTime":1755657436781,"status":"failed","summary":""},{"assertionResults":[{"ancestorTitles":["ClientsRepository","deactivateClient"],"duration":1,"failing":false,"failureDetails":[],"failureMessages":[],"fullName":"ClientsRepository deactivateClient deve desativar cliente com sucesso","invocations":1,"location":null,"numPassingAsserts":2,"retryReasons":[],"startAt":1755657437151,"status":"passed","title":"deve desativar cliente com sucesso"},{"ancestorTitles":["ClientsRepository","deactivateClient"],"duration":0,"failing":false,"failureDetails":[],"failureMessages":[],"fullName":"ClientsRepository deactivateClient deve retornar false quando cliente não for encontrado","invocations":1,"location":null,"numPassingAsserts":1,"retryReasons":[],"startAt":1755657437153,"status":"passed","title":"deve retornar false quando cliente não for encontrado"},{"ancestorTitles":["ClientsRepository","deactivateClient"],"duration":1,"failing":false,"failureDetails":[],"failureMessages":[],"fullName":"ClientsRepository deactivateClient deve retornar false quando result for null","invocations":1,"location":null,"numPassingAsserts":1,"retryReasons":[],"startAt":1755657437153,"status":"passed","title":"deve retornar false quando result for null"},{"ancestorTitles":["ClientsRepository","deactivateClient"],"duration":0,"failing":false,"failureDetails":[],"failureMessages":[],"fullName":"ClientsRepository deactivateClient deve verificar parâmetros corretos","invocations":1,"location":null,"numPassingAsserts":1,"retryReasons":[],"startAt":1755657437154,"status":"passed","title":"deve verificar parâmetros corretos"}],"endTime":1755657437155,"message":"","name":"/home/jeferson/Área de trabalho/SAAS Personal-Trainer/apps/api/src/__tests__/repositories/clients.test.ts","startTime":1755657437052,"status":"passed","summary":""},{"assertionResults":[{"ancestorTitles":["ChatRepository"],"duration":2,"failing":false,"failureDetails":[],"failureMessages":[],"fullName":"ChatRepository getOrCreateDirectRoom retorna existente","invocations":1,"location":null,"numPassingAsserts":2,"retryReasons":[],"startAt":1755657437310,"status":"passed","title":"getOrCreateDirectRoom retorna existente"},{"ancestorTitles":["ChatRepository"],"duration":2,"failing":false,"failureDetails":[],"failureMessages":[],"fullName":"ChatRepository createMessage insere e retorna mensagem mapeada","invocations":1,"location":null,"numPassingAsserts":3,"retryReasons":[],"startAt":1755657437312,"status":"passed","title":"createMessage insere e retorna mensagem mapeada"}],"endTime":1755657437314,"message":"","name":"/home/jeferson/Área de trabalho/SAAS Personal-Trainer/apps/api/src/__tests__/repositories/chat.test.ts","startTime":1755657437166,"status":"passed","summary":""},{"assertionResults":[{"ancestorTitles":["Auth Middleware","generateToken"],"duration":1,"failing":false,"failureDetails":[],"failureMessages":[],"fullName":"Auth Middleware generateToken deve gerar token JWT válido","invocations":1,"location":null,"numPassingAsserts":1,"retryReasons":[],"startAt":1755657437453,"status":"passed","title":"deve gerar token JWT válido"},{"ancestorTitles":["Auth Middleware","generateToken"],"duration":0,"failing":false,"failureDetails":[],"failureMessages":[],"fullName":"Auth Middleware generateToken deve ser chamado com parâmetros corretos","invocations":1,"location":null,"numPassingAsserts":1,"retryReasons":[],"startAt":1755657437455,"status":"passed","title":"deve ser chamado com parâmetros corretos"}],"endTime":1755657437456,"message":"","name":"/home/jeferson/Área de trabalho/SAAS Personal-Trainer/apps/api/src/__tests__/middleware/auth.test.ts","startTime":1755657437329,"status":"passed","summary":""},{"assertionResults":[{"ancestorTitles":["Workouts Routes","Route structure"],"duration":3,"failing":false,"failureDetails":[],"failureMessages":[],"fullName":"Workouts Routes Route structure deve ter as rotas definidas","invocations":1,"location":null,"numPassingAsserts":1,"retryReasons":[],"startAt":1755657437740,"status":"passed","title":"deve ter as rotas definidas"},{"ancestorTitles":["Workouts Routes","Route structure"],"duration":72,"failing":false,"failureDetails":[{}],"failureMessages":["Error: expected 404 \"Not Found\", got 500 \"Internal Server Error\"\n    at Object.<anonymous> (/home/jeferson/Área de trabalho/SAAS Personal-Trainer/apps/api/src/__tests__/routes/workouts.test.ts:34:10)\n    at Promise.finally.completed (/home/jeferson/Área de trabalho/SAAS Personal-Trainer/apps/api/node_modules/jest-circus/build/jestAdapterInit.js:1559:28)\n    at new Promise (<anonymous>)\n    at callAsyncCircusFn (/home/jeferson/Área de trabalho/SAAS Personal-Trainer/apps/api/node_modules/jest-circus/build/jestAdapterInit.js:1499:10)\n    at _callCircusTest (/home/jeferson/Área de trabalho/SAAS Personal-Trainer/apps/api/node_modules/jest-circus/build/jestAdapterInit.js:1009:40)\n    at _runTest (/home/jeferson/Área de trabalho/SAAS Personal-Trainer/apps/api/node_modules/jest-circus/build/jestAdapterInit.js:949:3)\n    at _runTestsForDescribeBlock (/home/jeferson/Área de trabalho/SAAS Personal-Trainer/apps/api/node_modules/jest-circus/build/jestAdapterInit.js:839:13)\n    at _runTestsForDescribeBlock (/home/jeferson/Área de trabalho/SAAS Personal-Trainer/apps/api/node_modules/jest-circus/build/jestAdapterInit.js:829:11)\n    at _runTestsForDescribeBlock (/home/jeferson/Área de trabalho/SAAS Personal-Trainer/apps/api/node_modules/jest-circus/build/jestAdapterInit.js:829:11)\n    at run (/home/jeferson/Área de trabalho/SAAS Personal-Trainer/apps/api/node_modules/jest-circus/build/jestAdapterInit.js:757:3)\n    at runAndTransformResultsToJestFormat (/home/jeferson/Área de trabalho/SAAS Personal-Trainer/apps/api/node_modules/jest-circus/build/jestAdapterInit.js:1920:21)\n    at jestAdapter (/home/jeferson/Área de trabalho/SAAS Personal-Trainer/apps/api/node_modules/jest-circus/build/runner.js:101:19)\n    at runTestInternal (/home/jeferson/Área de trabalho/SAAS Personal-Trainer/apps/api/node_modules/jest-runner/build/index.js:275:16)\n    at runTest (/home/jeferson/Área de trabalho/SAAS Personal-Trainer/apps/api/node_modules/jest-runner/build/index.js:343:7)\n----\n    at Test._assertStatus (/home/jeferson/Área de trabalho/SAAS Personal-Trainer/node_modules/supertest/lib/test.js:309:14)\n    at /home/jeferson/Área de trabalho/SAAS Personal-Trainer/node_modules/supertest/lib/test.js:365:13\n    at Test._assertFunction (/home/jeferson/Área de trabalho/SAAS Personal-Trainer/node_modules/supertest/lib/test.js:342:13)\n    at Test.assert (/home/jeferson/Área de trabalho/SAAS Personal-Trainer/node_modules/supertest/lib/test.js:195:23)\n    at localAssert (/home/jeferson/Área de trabalho/SAAS Personal-Trainer/node_modules/supertest/lib/test.js:138:14)\n    at Server.<anonymous> (/home/jeferson/Área de trabalho/SAAS Personal-Trainer/node_modules/supertest/lib/test.js:152:11)\n    at Object.onceWrapper (node:events:632:28)\n    at Server.emit (node:events:518:28)\n    at emitCloseNT (node:net:2419:8)\n    at processTicksAndRejections (node:internal/process/task_queues:89:21)"],"fullName":"Workouts Routes Route structure deve retornar 404 para treino inexistente","invocations":1,"location":null,"numPassingAsserts":0,"retryReasons":[],"startAt":1755657437744,"status":"failed","title":"deve retornar 404 para treino inexistente"}],"endTime":1755657437821,"message":"  ● Workouts Routes › Route structure › deve retornar 404 para treino inexistente\n\n    expected 404 \"Not Found\", got 500 \"Internal Server Error\"\n\n    \u001b[0m \u001b[90m 32 |\u001b[39m       \u001b[36mconst\u001b[39m response \u001b[33m=\u001b[39m \u001b[36mawait\u001b[39m request(app)\n     \u001b[90m 33 |\u001b[39m         \u001b[33m.\u001b[39m\u001b[36mget\u001b[39m(\u001b[32m\"/api/workouts/00000000-0000-0000-0000-000000000000\"\u001b[39m)\n    \u001b[31m\u001b[1m>\u001b[22m\u001b[39m\u001b[90m 34 |\u001b[39m         \u001b[33m.\u001b[39mexpect(\u001b[35m404\u001b[39m)\u001b[33m;\u001b[39m\n     \u001b[90m    |\u001b[39m          \u001b[31m\u001b[1m^\u001b[22m\u001b[39m\n     \u001b[90m 35 |\u001b[39m     })\u001b[33m;\u001b[39m\n     \u001b[90m 36 |\u001b[39m   })\u001b[33m;\u001b[39m\n     \u001b[90m 37 |\u001b[39m })\u001b[33m;\u001b[39m\u001b[0m\n\n      at Object.<anonymous> (src/__tests__/routes/workouts.test.ts:34:10)\n      ----\n      at Test._assertStatus (../../node_modules/supertest/lib/test.js:309:14)\n      at ../../node_modules/supertest/lib/test.js:365:13\n      at Test._assertFunction (../../node_modules/supertest/lib/test.js:342:13)\n      at Test.assert (../../node_modules/supertest/lib/test.js:195:23)\n      at localAssert (../../node_modules/supertest/lib/test.js:138:14)\n      at Server.<anonymous> (../../node_modules/supertest/lib/test.js:152:11)\n","name":"/home/jeferson/Área de trabalho/SAAS Personal-Trainer/apps/api/src/__tests__/routes/workouts.test.ts","startTime":1755657437481,"status":"failed","summary":""},{"assertionResults":[{"ancestorTitles":["Progress Routes","Route structure"],"duration":3,"failing":false,"failureDetails":[],"failureMessages":[],"fullName":"Progress Routes Route structure deve ter as rotas definidas","invocations":1,"location":null,"numPassingAsserts":1,"retryReasons":[],"startAt":1755657438215,"status":"passed","title":"deve ter as rotas definidas"},{"ancestorTitles":["Progress Routes","Route structure"],"duration":14,"failing":false,"failureDetails":[],"failureMessages":[],"fullName":"Progress Routes Route structure deve testar rota inexistente","invocations":1,"location":null,"numPassingAsserts":0,"retryReasons":[],"startAt":1755657438218,"status":"passed","title":"deve testar rota inexistente"}],"endTime":1755657438233,"message":"","name":"/home/jeferson/Área de trabalho/SAAS Personal-Trainer/apps/api/src/__tests__/routes/progress.test.ts","startTime":1755657437838,"status":"passed","summary":""},{"assertionResults":[{"ancestorTitles":["Validation Schemas","Basic schema tests"],"duration":71,"failing":false,"failureDetails":[],"failureMessages":[],"fullName":"Validation Schemas Basic schema tests deve importar schemas sem erro","invocations":1,"location":null,"numPassingAsserts":1,"retryReasons":[],"startAt":1755657438341,"status":"passed","title":"deve importar schemas sem erro"},{"ancestorTitles":["Validation Schemas","Basic schema tests"],"duration":1,"failing":false,"failureDetails":[],"failureMessages":[],"fullName":"Validation Schemas Basic schema tests deve ter createClientSchema definido","invocations":1,"location":null,"numPassingAsserts":1,"retryReasons":[],"startAt":1755657438413,"status":"passed","title":"deve ter createClientSchema definido"},{"ancestorTitles":["Validation Schemas","Basic schema tests"],"duration":1,"failing":false,"failureDetails":[],"failureMessages":[],"fullName":"Validation Schemas Basic schema tests deve ter loginSchema definido","invocations":1,"location":null,"numPassingAsserts":1,"retryReasons":[],"startAt":1755657438414,"status":"passed","title":"deve ter loginSchema definido"},{"ancestorTitles":["Validation Schemas","Basic schema tests"],"duration":1,"failing":false,"failureDetails":[],"failureMessages":[],"fullName":"Validation Schemas Basic schema tests deve ter registerSchema definido","invocations":1,"location":null,"numPassingAsserts":1,"retryReasons":[],"startAt":1755657438415,"status":"passed","title":"deve ter registerSchema definido"}],"endTime":1755657438417,"message":"","name":"/home/jeferson/Área de trabalho/SAAS Personal-Trainer/apps/api/src/__tests__/schemas/validation.test.ts","startTime":1755657438248,"status":"passed","summary":""},{"assertionResults":[{"ancestorTitles":["Simple Test"],"duration":1,"failing":false,"failureDetails":[],"failureMessages":[],"fullName":"Simple Test should work","invocations":1,"location":null,"numPassingAsserts":1,"retryReasons":[],"startAt":1755657438508,"status":"passed","title":"should work"}],"endTime":1755657438510,"message":"","name":"/home/jeferson/Área de trabalho/SAAS Personal-Trainer/apps/api/src/__tests__/simple.test.ts","startTime":1755657438424,"status":"passed","summary":""},{"assertionResults":[{"ancestorTitles":["Basic Test"],"duration":1,"failing":false,"failureDetails":[],"failureMessages":[],"fullName":"Basic Test should pass","invocations":1,"location":null,"numPassingAsserts":1,"retryReasons":[],"startAt":1755657438597,"status":"passed","title":"should pass"}],"endTime":1755657438599,"message":"","name":"/home/jeferson/Área de trabalho/SAAS Personal-Trainer/apps/api/src/__tests__/basic.test.ts","startTime":1755657438533,"status":"passed","summary":""},{"assertionResults":[{"ancestorTitles":["Chat Routes"],"duration":23,"failing":false,"failureDetails":[],"failureMessages":[],"fullName":"Chat Routes GET /chat/rooms deve listar salas do usuário","invocations":1,"location":null,"numPassingAsserts":2,"retryReasons":[],"startAt":1755657438853,"status":"passed","title":"GET /chat/rooms deve listar salas do usuário"},{"ancestorTitles":["Chat Routes"],"duration":12,"failing":false,"failureDetails":[],"failureMessages":[],"fullName":"Chat Routes POST /chat/rooms/direct deve validar otherUserId obrigatório","invocations":1,"location":null,"numPassingAsserts":1,"retryReasons":[],"startAt":1755657438876,"status":"passed","title":"POST /chat/rooms/direct deve validar otherUserId obrigatório"},{"ancestorTitles":["Chat Routes"],"duration":7,"failing":false,"failureDetails":[],"failureMessages":[],"fullName":"Chat Routes POST /chat/rooms/direct deve criar/obter sala direta","invocations":1,"location":null,"numPassingAsserts":2,"retryReasons":[],"startAt":1755657438888,"status":"passed","title":"POST /chat/rooms/direct deve criar/obter sala direta"},{"ancestorTitles":["Chat Routes"],"duration":5,"failing":false,"failureDetails":[],"failureMessages":[],"fullName":"Chat Routes GET /chat/rooms/:roomId/messages deve listar mensagens com paginação padrão","invocations":1,"location":null,"numPassingAsserts":2,"retryReasons":[],"startAt":1755657438896,"status":"passed","title":"GET /chat/rooms/:roomId/messages deve listar mensagens com paginação padrão"},{"ancestorTitles":["Chat Routes"],"duration":6,"failing":false,"failureDetails":[],"failureMessages":[],"fullName":"Chat Routes POST /chat/rooms/:roomId/messages deve validar campos obrigatórios","invocations":1,"location":null,"numPassingAsserts":1,"retryReasons":[],"startAt":1755657438901,"status":"passed","title":"POST /chat/rooms/:roomId/messages deve validar campos obrigatórios"},{"ancestorTitles":["Chat Routes"],"duration":6,"failing":false,"failureDetails":[],"failureMessages":[],"fullName":"Chat Routes POST /chat/rooms/:roomId/messages deve criar mensagem com sucesso","invocations":1,"location":null,"numPassingAsserts":2,"retryReasons":[],"startAt":1755657438908,"status":"passed","title":"POST /chat/rooms/:roomId/messages deve criar mensagem com sucesso"},{"ancestorTitles":["Chat Routes"],"duration":4,"failing":false,"failureDetails":[],"failureMessages":[],"fullName":"Chat Routes POST /chat/rooms/:roomId/read deve marcar mensagens como lidas","invocations":1,"location":null,"numPassingAsserts":2,"retryReasons":[],"startAt":1755657438915,"status":"passed","title":"POST /chat/rooms/:roomId/read deve marcar mensagens como lidas"},{"ancestorTitles":["Chat Routes"],"duration":5,"failing":false,"failureDetails":[],"failureMessages":[],"fullName":"Chat Routes GET /chat/unread deve retornar mapa de não lidas por sala","invocations":1,"location":null,"numPassingAsserts":2,"retryReasons":[],"startAt":1755657438919,"status":"passed","title":"GET /chat/unread deve retornar mapa de não lidas por sala"}],"endTime":1755657438925,"message":"","name":"/home/jeferson/Área de trabalho/SAAS Personal-Trainer/apps/api/src/__tests__/routes/chat.test.ts","startTime":1755657438605,"status":"passed","summary":""}],"wasInterrupted":false,"coverageMap":{"/home/jeferson/Área de trabalho/SAAS Personal-Trainer/apps/api/src/repositories/auth.ts":{"path":"/home/jeferson/Área de trabalho/SAAS Personal-Trainer/apps/api/src/repositories/auth.ts","statementMap":{"0":{"start":{"line":1,"column":0},"end":{"line":1,"column":56}},"1":{"start":{"line":3,"column":0},"end":{"line":3,"column":36}},"2":{"start":{"line":24,"column":4},"end":{"line":50,"column":5}},"3":{"start":{"line":25,"column":21},"end":{"line":27,"column":null}},"4":{"start":{"line":30,"column":6},"end":{"line":32,"column":7}},"5":{"start":{"line":31,"column":8},"end":{"line":31,"column":20}},"6":{"start":{"line":34,"column":18},"end":{"line":34,"column":32}},"7":{"start":{"line":35,"column":6},"end":{"line":46,"column":8}},"8":{"start":{"line":48,"column":6},"end":{"line":48,"column":64}},"9":{"start":{"line":49,"column":6},"end":{"line":49,"column":18}},"10":{"start":{"line":55,"column":4},"end":{"line":81,"column":5}},"11":{"start":{"line":56,"column":21},"end":{"line":58,"column":null}},"12":{"start":{"line":61,"column":6},"end":{"line":63,"column":7}},"13":{"start":{"line":62,"column":8},"end":{"line":62,"column":20}},"14":{"start":{"line":65,"column":18},"end":{"line":65,"column":32}},"15":{"start":{"line":66,"column":6},"end":{"line":77,"column":8}},"16":{"start":{"line":79,"column":6},"end":{"line":79,"column":61}},"17":{"start":{"line":80,"column":6},"end":{"line":80,"column":18}},"18":{"start":{"line":86,"column":4},"end":{"line":96,"column":5}},"19":{"start":{"line":87,"column":21},"end":{"line":89,"column":null}},"20":{"start":{"line":92,"column":6},"end":{"line":92,"column":74}},"21":{"start":{"line":94,"column":6},"end":{"line":94,"column":60}},"22":{"start":{"line":95,"column":6},"end":{"line":95,"column":18}},"23":{"start":{"line":101,"column":4},"end":{"line":134,"column":5}},"24":{"start":{"line":102,"column":17},"end":{"line":102,"column":25}},"25":{"start":{"line":103,"column":21},"end":{"line":115,"column":null}},"26":{"start":{"line":118,"column":18},"end":{"line":118,"column":32}},"27":{"start":{"line":119,"column":6},"end":{"line":130,"column":8}},"28":{"start":{"line":132,"column":6},"end":{"line":132,"column":53}},"29":{"start":{"line":133,"column":6},"end":{"line":133,"column":18}},"30":{"start":{"line":139,"column":4},"end":{"line":147,"column":5}},"31":{"start":{"line":140,"column":6},"end":{"line":143,"column":8}},"32":{"start":{"line":145,"column":6},"end":{"line":145,"column":62}},"33":{"start":{"line":146,"column":6},"end":{"line":146,"column":18}},"34":{"start":{"line":152,"column":4},"end":{"line":162,"column":5}},"35":{"start":{"line":153,"column":21},"end":{"line":155,"column":null}},"36":{"start":{"line":158,"column":6},"end":{"line":158,"column":48}},"37":{"start":{"line":160,"column":6},"end":{"line":160,"column":65}},"38":{"start":{"line":161,"column":6},"end":{"line":161,"column":18}},"39":{"start":{"line":21,"column":0},"end":{"line":21,"column":13}},"40":{"start":{"line":169,"column":4},"end":{"line":193,"column":5}},"41":{"start":{"line":170,"column":21},"end":{"line":172,"column":null}},"42":{"start":{"line":175,"column":6},"end":{"line":177,"column":7}},"43":{"start":{"line":176,"column":8},"end":{"line":176,"column":20}},"44":{"start":{"line":179,"column":18},"end":{"line":179,"column":32}},"45":{"start":{"line":180,"column":6},"end":{"line":189,"column":8}},"46":{"start":{"line":191,"column":6},"end":{"line":191,"column":60}},"47":{"start":{"line":192,"column":6},"end":{"line":192,"column":18}},"48":{"start":{"line":198,"column":4},"end":{"line":227,"column":5}},"49":{"start":{"line":199,"column":17},"end":{"line":199,"column":25}},"50":{"start":{"line":200,"column":21},"end":{"line":210,"column":null}},"51":{"start":{"line":213,"column":18},"end":{"line":213,"column":32}},"52":{"start":{"line":214,"column":6},"end":{"line":223,"column":8}},"53":{"start":{"line":225,"column":6},"end":{"line":225,"column":52}},"54":{"start":{"line":226,"column":6},"end":{"line":226,"column":18}},"55":{"start":{"line":235,"column":4},"end":{"line":295,"column":7}},"56":{"start":{"line":237,"column":23},"end":{"line":237,"column":31}},"57":{"start":{"line":238,"column":27},"end":{"line":248,"column":null}},"58":{"start":{"line":252,"column":21},"end":{"line":252,"column":29}},"59":{"start":{"line":253,"column":25},"end":{"line":265,"column":null}},"60":{"start":{"line":268,"column":24},"end":{"line":268,"column":44}},"61":{"start":{"line":269,"column":22},"end":{"line":269,"column":40}},"62":{"start":{"line":271,"column":6},"end":{"line":294,"column":8}},"63":{"start":{"line":166,"column":0},"end":{"line":166,"column":13}}},"fnMap":{"0":{"name":"(anonymous_0)","decl":{"start":{"line":23,"column":2},"end":{"line":23,"column":8}},"loc":{"start":{"line":23,"column":40},"end":{"line":51,"column":3}}},"1":{"name":"(anonymous_1)","decl":{"start":{"line":54,"column":2},"end":{"line":54,"column":8}},"loc":{"start":{"line":54,"column":34},"end":{"line":82,"column":3}}},"2":{"name":"(anonymous_2)","decl":{"start":{"line":85,"column":2},"end":{"line":85,"column":8}},"loc":{"start":{"line":85,"column":45},"end":{"line":97,"column":3}}},"3":{"name":"(anonymous_3)","decl":{"start":{"line":100,"column":2},"end":{"line":100,"column":8}},"loc":{"start":{"line":100,"column":46},"end":{"line":135,"column":3}}},"4":{"name":"(anonymous_4)","decl":{"start":{"line":138,"column":2},"end":{"line":138,"column":8}},"loc":{"start":{"line":138,"column":45},"end":{"line":148,"column":3}}},"5":{"name":"(anonymous_5)","decl":{"start":{"line":151,"column":2},"end":{"line":151,"column":8}},"loc":{"start":{"line":151,"column":40},"end":{"line":163,"column":3}}},"6":{"name":"(anonymous_6)","decl":{"start":{"line":168,"column":2},"end":{"line":168,"column":8}},"loc":{"start":{"line":168,"column":34},"end":{"line":194,"column":3}}},"7":{"name":"(anonymous_7)","decl":{"start":{"line":197,"column":2},"end":{"line":197,"column":8}},"loc":{"start":{"line":197,"column":50},"end":{"line":228,"column":3}}},"8":{"name":"(anonymous_8)","decl":{"start":{"line":231,"column":2},"end":{"line":231,"column":8}},"loc":{"start":{"line":233,"column":46},"end":{"line":296,"column":3}}},"9":{"name":"(anonymous_9)","decl":{"start":{"line":235,"column":29},"end":{"line":235,"column":34}},"loc":{"start":{"line":235,"column":46},"end":{"line":295,"column":5}}}},"branchMap":{"0":{"loc":{"start":{"line":30,"column":6},"end":{"line":32,"column":7}},"type":"if","locations":[{"start":{"line":30,"column":6},"end":{"line":32,"column":7}},{"start":{},"end":{}}]},"1":{"loc":{"start":{"line":61,"column":6},"end":{"line":63,"column":7}},"type":"if","locations":[{"start":{"line":61,"column":6},"end":{"line":63,"column":7}},{"start":{},"end":{}}]},"2":{"loc":{"start":{"line":92,"column":13},"end":{"line":92,"column":73}},"type":"cond-expr","locations":[{"start":{"line":92,"column":38},"end":{"line":92,"column":66}},{"start":{"line":92,"column":69},"end":{"line":92,"column":73}}]},"3":{"loc":{"start":{"line":175,"column":6},"end":{"line":177,"column":7}},"type":"if","locations":[{"start":{"line":175,"column":6},"end":{"line":177,"column":7}},{"start":{},"end":{}}]}},"s":{"0":3,"1":3,"2":3,"3":3,"4":2,"5":1,"6":1,"7":1,"8":1,"9":1,"10":2,"11":2,"12":2,"13":1,"14":1,"15":1,"16":0,"17":0,"18":0,"19":0,"20":0,"21":0,"22":0,"23":2,"24":2,"25":2,"26":1,"27":1,"28":1,"29":1,"30":1,"31":1,"32":0,"33":0,"34":2,"35":2,"36":2,"37":0,"38":0,"39":3,"40":2,"41":2,"42":2,"43":1,"44":1,"45":1,"46":0,"47":0,"48":2,"49":2,"50":2,"51":1,"52":1,"53":1,"54":1,"55":1,"56":1,"57":1,"58":1,"59":1,"60":1,"61":1,"62":1,"63":3},"f":{"0":3,"1":2,"2":0,"3":2,"4":1,"5":2,"6":2,"7":2,"8":1,"9":1},"b":{"0":[1,1],"1":[1,1],"2":[0,0],"3":[1,1]}},"/home/jeferson/Área de trabalho/SAAS Personal-Trainer/apps/api/src/routes/auth.ts":{"path":"/home/jeferson/Área de trabalho/SAAS Personal-Trainer/apps/api/src/routes/auth.ts","statementMap":{"0":{"start":{"line":1,"column":0},"end":{"line":1,"column":52}},"1":{"start":{"line":2,"column":0},"end":{"line":2,"column":47}},"2":{"start":{"line":3,"column":0},"end":{"line":3,"column":77}},"3":{"start":{"line":4,"column":0},"end":{"line":4,"column":74}},"4":{"start":{"line":5,"column":0},"end":{"line":5,"column":null}},"5":{"start":{"line":11,"column":15},"end":{"line":11,"column":23}},"6":{"start":{"line":14,"column":0},"end":{"line":30,"column":2}},"7":{"start":{"line":18,"column":4},"end":{"line":28,"column":5}},"8":{"start":{"line":19,"column":21},"end":{"line":19,"column":66}},"9":{"start":{"line":20,"column":6},"end":{"line":22,"column":7}},"10":{"start":{"line":21,"column":8},"end":{"line":21,"column":44}},"11":{"start":{"line":23,"column":6},"end":{"line":23,"column":35}},"12":{"start":{"line":25,"column":6},"end":{"line":27,"column":78}},"13":{"start":{"line":33,"column":0},"end":{"line":49,"column":2}},"14":{"start":{"line":37,"column":4},"end":{"line":47,"column":5}},"15":{"start":{"line":38,"column":21},"end":{"line":38,"column":63}},"16":{"start":{"line":39,"column":6},"end":{"line":41,"column":7}},"17":{"start":{"line":40,"column":8},"end":{"line":40,"column":44}},"18":{"start":{"line":42,"column":6},"end":{"line":42,"column":23}},"19":{"start":{"line":44,"column":6},"end":{"line":46,"column":75}},"20":{"start":{"line":52,"column":0},"end":{"line":69,"column":2}},"21":{"start":{"line":56,"column":4},"end":{"line":67,"column":5}},"22":{"start":{"line":57,"column":31},"end":{"line":57,"column":48}},"23":{"start":{"line":58,"column":21},"end":{"line":58,"column":65}},"24":{"start":{"line":59,"column":6},"end":{"line":61,"column":7}},"25":{"start":{"line":60,"column":8},"end":{"line":60,"column":44}},"26":{"start":{"line":62,"column":6},"end":{"line":62,"column":23}},"27":{"start":{"line":64,"column":6},"end":{"line":66,"column":77}},"28":{"start":{"line":72,"column":0},"end":{"line":88,"column":2}},"29":{"start":{"line":76,"column":4},"end":{"line":86,"column":5}},"30":{"start":{"line":77,"column":21},"end":{"line":77,"column":77}},"31":{"start":{"line":78,"column":6},"end":{"line":80,"column":7}},"32":{"start":{"line":79,"column":8},"end":{"line":79,"column":44}},"33":{"start":{"line":81,"column":6},"end":{"line":81,"column":23}},"34":{"start":{"line":83,"column":6},"end":{"line":85,"column":76}},"35":{"start":{"line":90,"column":0},"end":{"line":90,"column":22}}},"fnMap":{"0":{"name":"(anonymous_0)","decl":{"start":{"line":17,"column":2},"end":{"line":17,"column":7}},"loc":{"start":{"line":17,"column":36},"end":{"line":29,"column":3}}},"1":{"name":"(anonymous_1)","decl":{"start":{"line":36,"column":2},"end":{"line":36,"column":7}},"loc":{"start":{"line":36,"column":36},"end":{"line":48,"column":3}}},"2":{"name":"(anonymous_2)","decl":{"start":{"line":55,"column":2},"end":{"line":55,"column":7}},"loc":{"start":{"line":55,"column":36},"end":{"line":68,"column":3}}},"3":{"name":"(anonymous_3)","decl":{"start":{"line":75,"column":2},"end":{"line":75,"column":7}},"loc":{"start":{"line":75,"column":53},"end":{"line":87,"column":3}}}},"branchMap":{"0":{"loc":{"start":{"line":20,"column":6},"end":{"line":22,"column":7}},"type":"if","locations":[{"start":{"line":20,"column":6},"end":{"line":22,"column":7}},{"start":{},"end":{}}]},"1":{"loc":{"start":{"line":39,"column":6},"end":{"line":41,"column":7}},"type":"if","locations":[{"start":{"line":39,"column":6},"end":{"line":41,"column":7}},{"start":{},"end":{}}]},"2":{"loc":{"start":{"line":59,"column":6},"end":{"line":61,"column":7}},"type":"if","locations":[{"start":{"line":59,"column":6},"end":{"line":61,"column":7}},{"start":{},"end":{}}]},"3":{"loc":{"start":{"line":78,"column":6},"end":{"line":80,"column":7}},"type":"if","locations":[{"start":{"line":78,"column":6},"end":{"line":80,"column":7}},{"start":{},"end":{}}]}},"s":{"0":1,"1":1,"2":1,"3":1,"4":1,"5":1,"6":1,"7":3,"8":3,"9":2,"10":1,"11":1,"12":1,"13":1,"14":2,"15":2,"16":2,"17":1,"18":1,"19":0,"20":1,"21":2,"22":2,"23":2,"24":2,"25":1,"26":1,"27":0,"28":1,"29":0,"30":0,"31":0,"32":0,"33":0,"34":0,"35":1},"f":{"0":3,"1":2,"2":2,"3":0},"b":{"0":[1,1],"1":[1,1],"2":[1,1],"3":[0,0]}},"/home/jeferson/Área de trabalho/SAAS Personal-Trainer/apps/api/src/middleware/auth.ts":{"path":"/home/jeferson/Área de trabalho/SAAS Personal-Trainer/apps/api/src/middleware/auth.ts","statementMap":{"0":{"start":{"line":2,"column":0},"end":{"line":2,"column":48}},"1":{"start":{"line":4,"column":0},"end":{"line":4,"column":47}},"2":{"start":{"line":11,"column":33},"end":{"line":59,"column":1}},"3":{"start":{"line":16,"column":21},"end":{"line":16,"column":49}},"4":{"start":{"line":17,"column":16},"end":{"line":17,"column":54}},"5":{"start":{"line":19,"column":2},"end":{"line":24,"column":3}},"6":{"start":{"line":20,"column":4},"end":{"line":23,"column":7}},"7":{"start":{"line":26,"column":2},"end":{"line":58,"column":3}},"8":{"start":{"line":27,"column":20},"end":{"line":29,"column":null}},"9":{"start":{"line":33,"column":17},"end":{"line":33,"column":63}},"10":{"start":{"line":34,"column":4},"end":{"line":39,"column":5}},"11":{"start":{"line":35,"column":6},"end":{"line":38,"column":9}},"12":{"start":{"line":42,"column":19},"end":{"line":42,"column":68}},"13":{"start":{"line":43,"column":4},"end":{"line":48,"column":5}},"14":{"start":{"line":44,"column":6},"end":{"line":47,"column":9}},"15":{"start":{"line":50,"column":4},"end":{"line":50,"column":20}},"16":{"start":{"line":51,"column":4},"end":{"line":51,"column":36}},"17":{"start":{"line":52,"column":4},"end":{"line":52,"column":11}},"18":{"start":{"line":54,"column":4},"end":{"line":57,"column":7}},"19":{"start":{"line":11,"column":13},"end":{"line":11,"column":33}},"20":{"start":{"line":61,"column":29},"end":{"line":67,"column":1}},"21":{"start":{"line":62,"column":2},"end":{"line":66,"column":4}},"22":{"start":{"line":61,"column":13},"end":{"line":61,"column":29}},"23":{"start":{"line":69,"column":36},"end":{"line":75,"column":1}},"24":{"start":{"line":70,"column":2},"end":{"line":74,"column":4}},"25":{"start":{"line":69,"column":13},"end":{"line":69,"column":36}}},"fnMap":{"0":{"name":"(anonymous_1)","decl":{"start":{"line":11,"column":33},"end":{"line":11,"column":38}},"loc":{"start":{"line":15,"column":4},"end":{"line":59,"column":1}}},"1":{"name":"(anonymous_2)","decl":{"start":{"line":61,"column":29},"end":{"line":61,"column":30}},"loc":{"start":{"line":61,"column":70},"end":{"line":67,"column":1}}},"2":{"name":"(anonymous_3)","decl":{"start":{"line":69,"column":36},"end":{"line":69,"column":37}},"loc":{"start":{"line":69,"column":63},"end":{"line":75,"column":1}}}},"branchMap":{"0":{"loc":{"start":{"line":17,"column":16},"end":{"line":17,"column":54}},"type":"binary-expr","locations":[{"start":{"line":17,"column":16},"end":{"line":17,"column":26}},{"start":{"line":17,"column":30},"end":{"line":17,"column":54}}]},"1":{"loc":{"start":{"line":19,"column":2},"end":{"line":24,"column":3}},"type":"if","locations":[{"start":{"line":19,"column":2},"end":{"line":24,"column":3}},{"start":{},"end":{}}]},"2":{"loc":{"start":{"line":29,"column":6},"end":{"line":29,"column":49}},"type":"binary-expr","locations":[{"start":{"line":29,"column":6},"end":{"line":29,"column":28}},{"start":{"line":29,"column":32},"end":{"line":29,"column":49}}]},"3":{"loc":{"start":{"line":34,"column":4},"end":{"line":39,"column":5}},"type":"if","locations":[{"start":{"line":34,"column":4},"end":{"line":39,"column":5}},{"start":{},"end":{}}]},"4":{"loc":{"start":{"line":34,"column":8},"end":{"line":34,"column":31}},"type":"binary-expr","locations":[{"start":{"line":34,"column":8},"end":{"line":34,"column":13}},{"start":{"line":34,"column":17},"end":{"line":34,"column":31}}]},"5":{"loc":{"start":{"line":43,"column":4},"end":{"line":48,"column":5}},"type":"if","locations":[{"start":{"line":43,"column":4},"end":{"line":48,"column":5}},{"start":{},"end":{}}]},"6":{"loc":{"start":{"line":43,"column":8},"end":{"line":43,"column":35}},"type":"binary-expr","locations":[{"start":{"line":43,"column":8},"end":{"line":43,"column":15}},{"start":{"line":43,"column":19},"end":{"line":43,"column":35}}]},"7":{"loc":{"start":{"line":64,"column":4},"end":{"line":64,"column":47}},"type":"binary-expr","locations":[{"start":{"line":64,"column":4},"end":{"line":64,"column":26}},{"start":{"line":64,"column":30},"end":{"line":64,"column":47}}]},"8":{"loc":{"start":{"line":72,"column":4},"end":{"line":72,"column":63}},"type":"binary-expr","locations":[{"start":{"line":72,"column":4},"end":{"line":72,"column":34}},{"start":{"line":72,"column":38},"end":{"line":72,"column":63}}]}},"s":{"0":2,"1":2,"2":2,"3":0,"4":0,"5":0,"6":0,"7":0,"8":0,"9":0,"10":0,"11":0,"12":0,"13":0,"14":0,"15":0,"16":0,"17":0,"18":0,"19":2,"20":2,"21":2,"22":2,"23":2,"24":0,"25":2},"f":{"0":0,"1":2,"2":0},"b":{"0":[0,0],"1":[0,0],"2":[0,0],"3":[0,0],"4":[0,0],"5":[0,0],"6":[0,0],"7":[2,0],"8":[0,0]}},"/home/jeferson/Área de trabalho/SAAS Personal-Trainer/apps/api/src/middleware/validation.ts":{"path":"/home/jeferson/Área de trabalho/SAAS Personal-Trainer/apps/api/src/middleware/validation.ts","statementMap":{"0":{"start":{"line":2,"column":0},"end":{"line":2,"column":35}},"1":{"start":{"line":8,"column":28},"end":{"line":28,"column":1}},"2":{"start":{"line":9,"column":2},"end":{"line":27,"column":4}},"3":{"start":{"line":10,"column":4},"end":{"line":26,"column":5}},"4":{"start":{"line":11,"column":28},"end":{"line":11,"column":50}},"5":{"start":{"line":12,"column":7},"end":{"line":12,"column":62}},"6":{"start":{"line":13,"column":6},"end":{"line":13,"column":13}},"7":{"start":{"line":15,"column":6},"end":{"line":24,"column":7}},"8":{"start":{"line":16,"column":8},"end":{"line":23,"column":11}},"9":{"start":{"line":19,"column":45},"end":{"line":22,"column":12}},"10":{"start":{"line":25,"column":6},"end":{"line":25,"column":18}},"11":{"start":{"line":8,"column":13},"end":{"line":8,"column":28}},"12":{"start":{"line":30,"column":29},"end":{"line":53,"column":1}},"13":{"start":{"line":31,"column":2},"end":{"line":52,"column":4}},"14":{"start":{"line":32,"column":4},"end":{"line":51,"column":5}},"15":{"start":{"line":33,"column":28},"end":{"line":33,"column":51}},"16":{"start":{"line":34,"column":7},"end":{"line":37,"column":8}},"17":{"start":{"line":38,"column":6},"end":{"line":38,"column":13}},"18":{"start":{"line":40,"column":6},"end":{"line":49,"column":7}},"19":{"start":{"line":41,"column":8},"end":{"line":48,"column":11}},"20":{"start":{"line":44,"column":45},"end":{"line":47,"column":12}},"21":{"start":{"line":50,"column":6},"end":{"line":50,"column":18}},"22":{"start":{"line":30,"column":13},"end":{"line":30,"column":29}},"23":{"start":{"line":55,"column":30},"end":{"line":78,"column":1}},"24":{"start":{"line":56,"column":2},"end":{"line":77,"column":4}},"25":{"start":{"line":57,"column":4},"end":{"line":76,"column":5}},"26":{"start":{"line":58,"column":28},"end":{"line":58,"column":52}},"27":{"start":{"line":59,"column":7},"end":{"line":62,"column":8}},"28":{"start":{"line":63,"column":6},"end":{"line":63,"column":13}},"29":{"start":{"line":65,"column":6},"end":{"line":74,"column":7}},"30":{"start":{"line":66,"column":8},"end":{"line":73,"column":11}},"31":{"start":{"line":69,"column":45},"end":{"line":72,"column":12}},"32":{"start":{"line":75,"column":6},"end":{"line":75,"column":18}},"33":{"start":{"line":55,"column":13},"end":{"line":55,"column":30}}},"fnMap":{"0":{"name":"(anonymous_0)","decl":{"start":{"line":8,"column":28},"end":{"line":8,"column":29}},"loc":{"start":{"line":8,"column":50},"end":{"line":28,"column":1}}},"1":{"name":"(anonymous_1)","decl":{"start":{"line":9,"column":9},"end":{"line":9,"column":10}},"loc":{"start":{"line":9,"column":61},"end":{"line":27,"column":3}}},"2":{"name":"(anonymous_2)","decl":{"start":{"line":19,"column":35},"end":{"line":19,"column":36}},"loc":{"start":{"line":19,"column":45},"end":{"line":22,"column":12}}},"3":{"name":"(anonymous_3)","decl":{"start":{"line":30,"column":29},"end":{"line":30,"column":30}},"loc":{"start":{"line":30,"column":51},"end":{"line":53,"column":1}}},"4":{"name":"(anonymous_4)","decl":{"start":{"line":31,"column":9},"end":{"line":31,"column":10}},"loc":{"start":{"line":31,"column":61},"end":{"line":52,"column":3}}},"5":{"name":"(anonymous_5)","decl":{"start":{"line":44,"column":35},"end":{"line":44,"column":36}},"loc":{"start":{"line":44,"column":45},"end":{"line":47,"column":12}}},"6":{"name":"(anonymous_6)","decl":{"start":{"line":55,"column":30},"end":{"line":55,"column":31}},"loc":{"start":{"line":55,"column":52},"end":{"line":78,"column":1}}},"7":{"name":"(anonymous_7)","decl":{"start":{"line":56,"column":9},"end":{"line":56,"column":10}},"loc":{"start":{"line":56,"column":61},"end":{"line":77,"column":3}}},"8":{"name":"(anonymous_8)","decl":{"start":{"line":69,"column":35},"end":{"line":69,"column":36}},"loc":{"start":{"line":69,"column":45},"end":{"line":72,"column":12}}}},"branchMap":{"0":{"loc":{"start":{"line":15,"column":6},"end":{"line":24,"column":7}},"type":"if","locations":[{"start":{"line":15,"column":6},"end":{"line":24,"column":7}},{"start":{},"end":{}}]},"1":{"loc":{"start":{"line":40,"column":6},"end":{"line":49,"column"
[...]
tes/chat.ts":{"path":"/home/jeferson/Área de trabalho/SAAS Personal-Trainer/apps/api/src/routes/chat.ts","statementMap":{"0":{"start":{"line":1,"column":0},"end":{"line":1,"column":33}},"1":{"start":{"line":2,"column":0},"end":{"line":2,"column":77}},"2":{"start":{"line":3,"column":0},"end":{"line":3,"column":54}},"3":{"start":{"line":17,"column":15},"end":{"line":17,"column":23}},"4":{"start":{"line":20,"column":0},"end":{"line":36,"column":2}},"5":{"start":{"line":24,"column":4},"end":{"line":34,"column":5}},"6":{"start":{"line":25,"column":23},"end":{"line":25,"column":36}},"7":{"start":{"line":26,"column":21},"end":{"line":26,"column":33}},"8":{"start":{"line":27,"column":20},"end":{"line":27,"column":75}},"9":{"start":{"line":28,"column":6},"end":{"line":28,"column":47}},"10":{"start":{"line":30,"column":6},"end":{"line":33,"column":9}},"11":{"start":{"line":39,"column":0},"end":{"line":65,"column":2}},"12":{"start":{"line":43,"column":4},"end":{"line":63,"column":5}},"13":{"start":{"line":44,"column":23},"end":{"line":44,"column":36}},"14":{"start":{"line":45,"column":21},"end":{"line":45,"column":33}},"15":{"start":{"line":46,"column":30},"end":{"line":46,"column":65}},"16":{"start":{"line":47,"column":6},"end":{"line":50,"column":74}},"17":{"start":{"line":48,"column":8},"end":{"line":50,"column":74}},"18":{"start":{"line":52,"column":19},"end":{"line":55,"column":null}},"19":{"start":{"line":57,"column":6},"end":{"line":57,"column":46}},"20":{"start":{"line":59,"column":6},"end":{"line":62,"column":9}},"21":{"start":{"line":68,"column":0},"end":{"line":85,"column":2}},"22":{"start":{"line":72,"column":4},"end":{"line":83,"column":5}},"23":{"start":{"line":73,"column":25},"end":{"line":73,"column":35}},"24":{"start":{"line":74,"column":19},"end":{"line":74,"column":66}},"25":{"start":{"line":75,"column":20},"end":{"line":75,"column":69}},"26":{"start":{"line":76,"column":21},"end":{"line":76,"column":75}},"27":{"start":{"line":77,"column":6},"end":{"line":77,"column":48}},"28":{"start":{"line":79,"column":6},"end":{"line":82,"column":9}},"29":{"start":{"line":88,"column":0},"end":{"line":123,"column":2}},"30":{"start":{"line":92,"column":4},"end":{"line":121,"column":5}},"31":{"start":{"line":93,"column":25},"end":{"line":93,"column":35}},"32":{"start":{"line":94,"column":23},"end":{"line":94,"column":35}},"33":{"start":{"line":95,"column":23},"end":{"line":95,"column":36}},"34":{"start":{"line":96,"column":44},"end":{"line":96,"column":null}},"35":{"start":{"line":101,"column":6},"end":{"line":105,"column":11}},"36":{"start":{"line":102,"column":8},"end":{"line":105,"column":11}},"37":{"start":{"line":107,"column":18},"end":{"line":114,"column":8}},"38":{"start":{"line":115,"column":6},"end":{"line":115,"column":57}},"39":{"start":{"line":117,"column":6},"end":{"line":120,"column":9}},"40":{"start":{"line":126,"column":0},"end":{"line":149,"column":2}},"41":{"start":{"line":130,"column":4},"end":{"line":147,"column":5}},"42":{"start":{"line":131,"column":25},"end":{"line":131,"column":35}},"43":{"start":{"line":132,"column":23},"end":{"line":132,"column":35}},"44":{"start":{"line":133,"column":42},"end":{"line":133,"column":null}},"45":{"start":{"line":137,"column":21},"end":{"line":140,"column":8}},"46":{"start":{"line":141,"column":6},"end":{"line":141,"column":48}},"47":{"start":{"line":143,"column":6},"end":{"line":146,"column":9}},"48":{"start":{"line":152,"column":0},"end":{"line":168,"column":2}},"49":{"start":{"line":156,"column":4},"end":{"line":166,"column":5}},"50":{"start":{"line":157,"column":23},"end":{"line":157,"column":36}},"51":{"start":{"line":158,"column":21},"end":{"line":158,"column":33}},"52":{"start":{"line":159,"column":18},"end":{"line":159,"column":77}},"53":{"start":{"line":160,"column":6},"end":{"line":160,"column":45}},"54":{"start":{"line":162,"column":6},"end":{"line":165,"column":9}},"55":{"start":{"line":170,"column":0},"end":{"line":170,"column":22}}},"fnMap":{"0":{"name":"(anonymous_0)","decl":{"start":{"line":23,"column":2},"end":{"line":23,"column":7}},"loc":{"start":{"line":23,"column":43},"end":{"line":35,"column":3}}},"1":{"name":"(anonymous_1)","decl":{"start":{"line":42,"column":2},"end":{"line":42,"column":7}},"loc":{"start":{"line":42,"column":43},"end":{"line":64,"column":3}}},"2":{"name":"(anonymous_2)","decl":{"start":{"line":71,"column":2},"end":{"line":71,"column":7}},"loc":{"start":{"line":71,"column":43},"end":{"line":84,"column":3}}},"3":{"name":"(anonymous_3)","decl":{"start":{"line":91,"column":2},"end":{"line":91,"column":7}},"loc":{"start":{"line":91,"column":43},"end":{"line":122,"column":3}}},"4":{"name":"(anonymous_4)","decl":{"start":{"line":129,"column":2},"end":{"line":129,"column":7}},"loc":{"start":{"line":129,"column":43},"end":{"line":148,"column":3}}},"5":{"name":"(anonymous_5)","decl":{"start":{"line":155,"column":2},"end":{"line":155,"column":7}},"loc":{"start":{"line":155,"column":43},"end":{"line":167,"column":3}}}},"branchMap":{"0":{"loc":{"start":{"line":32,"column":17},"end":{"line":32,"column":56}},"type":"binary-expr","locations":[{"start":{"line":32,"column":17},"end":{"line":32,"column":30}},{"start":{"line":32,"column":34},"end":{"line":32,"column":56}}]},"1":{"loc":{"start":{"line":47,"column":6},"end":{"line":50,"column":74}},"type":"if","locations":[{"start":{"line":47,"column":6},"end":{"line":50,"column":74}},{"start":{},"end":{}}]},"2":{"loc":{"start":{"line":61,"column":17},"end":{"line":61,"column":54}},"type":"binary-expr","locations":[{"start":{"line":61,"column":17},"end":{"line":61,"column":30}},{"start":{"line":61,"column":34},"end":{"line":61,"column":54}}]},"3":{"loc":{"start":{"line":74,"column":29},"end":{"line":74,"column":61}},"type":"binary-expr","locations":[{"start":{"line":74,"column":29},"end":{"line":74,"column":54}},{"start":{"line":74,"column":58},"end":{"line":74,"column":61}}]},"4":{"loc":{"start":{"line":75,"column":30},"end":{"line":75,"column":64}},"type":"binary-expr","locations":[{"start":{"line":75,"column":30},"end":{"line":75,"column":56}},{"start":{"line":75,"column":60},"end":{"line":75,"column":64}}]},"5":{"loc":{"start":{"line":81,"column":17},"end":{"line":81,"column":60}},"type":"binary-expr","locations":[{"start":{"line":81,"column":17},"end":{"line":81,"column":30}},{"start":{"line":81,"column":34},"end":{"line":81,"column":60}}]},"6":{"loc":{"start":{"line":101,"column":6},"end":{"line":105,"column":11}},"type":"if","locations":[{"start":{"line":101,"column":6},"end":{"line":105,"column":11}},{"start":{},"end":{}}]},"7":{"loc":{"start":{"line":101,"column":10},"end":{"line":101,"column":33}},"type":"binary-expr","locations":[{"start":{"line":101,"column":10},"end":{"line":101,"column":21}},{"start":{"line":101,"column":25},"end":{"line":101,"column":33}}]},"8":{"loc":{"start":{"line":119,"column":17},"end":{"line":119,"column":59}},"type":"binary-expr","locations":[{"start":{"line":119,"column":17},"end":{"line":119,"column":30}},{"start":{"line":119,"column":34},"end":{"line":119,"column":59}}]},"9":{"loc":{"start":{"line":145,"column":17},"end":{"line":145,"column":60}},"type":"binary-expr","locations":[{"start":{"line":145,"column":17},"end":{"line":145,"column":30}},{"start":{"line":145,"column":34},"end":{"line":145,"column":60}}]},"10":{"loc":{"start":{"line":164,"column":17},"end":{"line":164,"column":60}},"type":"binary-expr","locations":[{"start":{"line":164,"column":17},"end":{"line":164,"column":30}},{"start":{"line":164,"column":34},"end":{"line":164,"column":60}}]}},"s":{"0":1,"1":1,"2":1,"3":1,"4":1,"5":1,"6":1,"7":1,"8":1,"9":1,"10":0,"11":1,"12":2,"13":2,"14":2,"15":2,"16":2,"17":1,"18":1,"19":1,"20":0,"21":1,"22":1,"23":1,"24":1,"25":1,"26":1,"27":1,"28":0,"29":1,"30":2,"31":2,"32":2,"33":2,"34":2,"35":2,"36":1,"37":1,"38":1,"39":0,"40":1,"41":1,"42":1,"43":1,"44":1,"45":1,"46":1,"47":0,"48":1,"49":1,"50":1,"51":1,"52":1,"53":1,"54":0,"55":1},"f":{"0":1,"1":2,"2":1,"3":2,"4":1,"5":1},"b":{"0":[0,0],"1":[1,1],"2":[0,0],"3":[1,1],"4":[1,1],"5":[0,0],"6":[1,1],"7":[2,1],"8":[0,0],"9":[0,0],"10":[0,0]}},"/home/jeferson/Área de trabalho/SAAS Personal-Trainer/apps/api/src/routes/test.ts":{"path":"/home/jeferson/Área de trabalho/SAAS Personal-Trainer/apps/api/src/routes/test.ts","statementMap":{"0":{"start":{"line":1,"column":0},"end":{"line":1,"column":33}},"1":{"start":{"line":2,"column":0},"end":{"line":2,"column":30}},"2":{"start":{"line":3,"column":0},"end":{"line":3,"column":77}},"3":{"start":{"line":4,"column":0},"end":{"line":4,"column":54}},"4":{"start":{"line":6,"column":15},"end":{"line":6,"column":23}},"5":{"start":{"line":9,"column":0},"end":{"line":11,"column":3}},"6":{"start":{"line":10,"column":2},"end":{"line":10,"column":47}},"7":{"start":{"line":16,"column":0},"end":{"line":60,"column":2}},"8":{"start":{"line":20,"column":4},"end":{"line":58,"column":5}},"9":{"start":{"line":21,"column":23},"end":{"line":21,"column":36}},"10":{"start":{"line":28,"column":10},"end":{"line":28,"column":24}},"11":{"start":{"line":31,"column":8},"end":{"line":32,"column":76}},"12":{"start":{"line":33,"column":27},"end":{"line":33,"column":58}},"13":{"start":{"line":35,"column":22},"end":{"line":42,"column":15}},"14":{"start":{"line":44,"column":6},"end":{"line":52,"column":9}},"15":{"start":{"line":54,"column":6},"end":{"line":57,"column":9}},"16":{"start":{"line":65,"column":0},"end":{"line":107,"column":2}},"17":{"start":{"line":69,"column":4},"end":{"line":105,"column":5}},"18":{"start":{"line":70,"column":23},"end":{"line":70,"column":36}},"19":{"start":{"line":71,"column":57},"end":{"line":71,"column":65}},"20":{"start":{"line":73,"column":6},"end":{"line":78,"column":7}},"21":{"start":{"line":74,"column":8},"end":{"line":77,"column":11}},"22":{"start":{"line":80,"column":24},"end":{"line":80,"column":58}},"23":{"start":{"line":81,"column":29},"end":{"line":81,"column":49}},"24":{"start":{"line":83,"column":23},"end":{"line":83,"column":31}},"25":{"start":{"line":84,"column":21},"end":{"line":88,"column":null}},"26":{"start":{"line":91,"column":6},"end":{"line":99,"column":9}},"27":{"start":{"line":101,"column":6},"end":{"line":104,"column":9}},"28":{"start":{"line":109,"column":0},"end":{"line":109,"column":22}}},"fnMap":{"0":{"name":"(anonymous_10)","decl":{"start":{"line":9,"column":20},"end":{"line":9,"column":21}},"loc":{"start":{"line":9,"column":33},"end":{"line":11,"column":1}}},"1":{"name":"(anonymous_11)","decl":{"start":{"line":19,"column":2},"end":{"line":19,"column":7}},"loc":{"start":{"line":19,"column":43},"end":{"line":59,"column":3}}},"2":{"name":"(anonymous_12)","decl":{"start":{"line":68,"column":2},"end":{"line":68,"column":7}},"loc":{"start":{"line":68,"column":43},"end":{"line":106,"column":3}}},"3":{"name":"(anonymous_13)","decl":{"start":{"line":80,"column":24},"end":{"line":80,"column":37}},"loc":{"start":{"line":80,"column":24},"end":{"line":80,"column":58}}},"4":{"name":"(anonymous_14)","decl":{"start":{"line":81,"column":29},"end":{"line":81,"column":42}},"loc":{"start":{"line":81,"column":29},"end":{"line":81,"column":49}}}},"branchMap":{"0":{"loc":{"start":{"line":24,"column":8},"end":{"line":24,"column":31}},"type":"default-arg","locations":[{"start":{"line":24,"column":19},"end":{"line":24,"column":31}}]},"1":{"loc":{"start":{"line":25,"column":8},"end":{"line":25,"column":26}},"type":"default-arg","locations":[{"start":{"line":25,"column":20},"end":{"line":25,"column":26}}]},"2":{"loc":{"start":{"line":26,"column":8},"end":{"line":26,"column":25}},"type":"default-arg","locations":[{"start":{"line":26,"column":19},"end":{"line":26,"column":25}}]},"3":{"loc":{"start":{"line":27,"column":8},"end":{"line":27,"column":23}},"type":"default-arg","locations":[{"start":{"line":27,"column":15},"end":{"line":27,"column":23}}]},"4":{"loc":{"start":{"line":28,"column":10},"end":{"line":28,"column":24}},"type":"binary-expr","locations":[{"start":{"line":28,"column":10},"end":{"line":28,"column":18}},{"start":{"line":28,"column":22},"end":{"line":28,"column":24}}]},"5":{"loc":{"start":{"line":31,"column":8},"end":{"line":32,"column":76}},"type":"binary-expr","locations":[{"start":{"line":31,"column":8},"end":{"line":31,"column":13}},{"start":{"line":32,"column":8},"end":{"line":32,"column":76}}]},"6":{"loc":{"start":{"line":56,"column":17},"end":{"line":56,"column":61}},"type":"binary-expr","locations":[{"start":{"line":56,"column":17},"end":{"line":56,"column":30}},{"start":{"line":56,"column":34},"end":{"line":56,"column":61}}]},"7":{"loc":{"start":{"line":71,"column":22},"end":{"line":71,"column":52}},"type":"default-arg","locations":[{"start":{"line":71,"column":36},"end":{"line":71,"column":52}}]},"8":{"loc":{"start":{"line":73,"column":6},"end":{"line":78,"column":7}},"type":"if","locations":[{"start":{"line":73,"column":6},"end":{"line":78,"column":7}},{"start":{},"end":{}}]},"9":{"loc":{"start":{"line":103,"column":17},"end":{"line":103,"column":61}},"type":"binary-expr","locations":[{"start":{"line":103,"column":17},"end":{"line":103,"column":30}},{"start":{"line":103,"column":34},"end":{"line":103,"column":61}}]}},"s":{"0":0,"1":0,"2":0,"3":0,"4":0,"5":0,"6":0,"7":0,"8":0,"9":0,"10":0,"11":0,"12":0,"13":0,"14":0,"15":0,"16":0,"17":0,"18":0,"19":0,"20":0,"21":0,"22":0,"23":0,"24":0,"25":0,"26":0,"27":0,"28":0},"f":{"0":0,"1":0,"2":0,"3":0,"4":0},"b":{"0":[0],"1":[0],"2":[0],"3":[0],"4":[0,0],"5":[0,0],"6":[0,0],"7":[0],"8":[0,0],"9":[0,0]}},"/home/jeferson/Área de trabalho/SAAS Personal-Trainer/apps/api/src/services/socket.ts":{"path":"/home/jeferson/Área de trabalho/SAAS Personal-Trainer/apps/api/src/services/socket.ts","statementMap":{"0":{"start":{"line":2,"column":0},"end":{"line":2,"column":31}},"1":{"start":{"line":3,"column":0},"end":{"line":3,"column":54}},"2":{"start":{"line":10,"column":29},"end":{"line":134,"column":1}},"3":{"start":{"line":12,"column":2},"end":{"line":30,"column":5}},"4":{"start":{"line":13,"column":18},"end":{"line":13,"column":45}},"5":{"start":{"line":15,"column":4},"end":{"line":17,"column":5}},"6":{"start":{"line":16,"column":6},"end":{"line":16,"column":64}},"7":{"start":{"line":19,"column":4},"end":{"line":29,"column":5}},"8":{"start":{"line":20,"column":22},"end":{"line":22,"column":null}},"9":{"start":{"line":24,"column":7},"end":{"line":24,"column":47}},"10":{"start":{"line":25,"column":7},"end":{"line":25,"column":50}},"11":{"start":{"line":26,"column":6},"end":{"line":26,"column":13}},"12":{"start":{"line":28,"column":6},"end":{"line":28,"column":40}},"13":{"start":{"line":32,"column":2},"end":{"line":133,"column":5}},"14":{"start":{"line":33,"column":32},"end":{"line":33,"column":68}},"15":{"start":{"line":34,"column":4},"end":{"line":34,"column":67}},"16":{"start":{"line":37,"column":4},"end":{"line":37,"column":58}},"17":{"start":{"line":38,"column":4},"end":{"line":38,"column":54}},"18":{"start":{"line":41,"column":4},"end":{"line":82,"column":7}},"19":{"start":{"line":42,"column":6},"end":{"line":81,"column":7}},"20":{"start":{"line":43,"column":63},"end":{"line":43,"column":67}},"21":{"start":{"line":46,"column":26},"end":{"line":46,"column":32}},"22":{"start":{"line":47,"column":8},"end":{"line":54,"column":9}},"23":{"start":{"line":48,"column":23},"end":{"line":51,"column":null}},"24":{"start":{"line":53,"column":10},"end":{"line":53,"column":32}},"25":{"start":{"line":56,"column":24},"end":{"line":63,"column":10}},"26":{"start":{"line":66,"column":8},"end":{"line":66,"column":69}},"27":{"start":{"line":67,"column":8},"end":{"line":70,"column":11}},"28":{"start":{"line":73,"column":8},"end":{"line":77,"column":11}},"29":{"start":{"line":79,"column":8},"end":{"line":79,"column":57}},"30":{"start":{"line":80,"column":8},"end":{"line":80,"column":69}},"31":{"start":{"line":85,"column":4},"end":{"line":110,"column":7}},"32":{"start":{"line":86,"column":6},"end":{"line":109,"column":7}},"33":{"start":{"line":87,"column":48},"end":{"line":87,"column":52}},"34":{"start":{"line":89,"column":23},"end":{"line":92,"column":null}},"35":{"start":{"line":96,"column":8},"end":{"line":102,"column":9}},"36":{"start":{"line":97,"column":10},"end":{"line":101,"column":13}},"37":{"start":{"line":103,"column":8},"end":{"line":106,"column":11}},"38":{"start":{"line":108,"column":8},"end":{"line":108,"column":58}},"39":{"start":{"line":113,"column":4},"end":{"line":119,"column":7}},"40":{"start":{"line":114,"column":29},"end":{"line":114,"column":33}},"41":{"start":{"line":115,"column":6},"end":{"line":118,"column":9}},"42":{"start":{"line":121,"column":4},"end":{"line":127,"column":7}},"43":{"start":{"line":122,"column":29},"end":{"line":122,"column":33}},"44":{"start":{"line":123,"column":6},"end":{"line":126,"column":9}},"45":{"start":{"line":130,"column":4},"end":{"line":132,"column":7}},"46":{"start":{"line":131,"column":6},"end":{"line":131,"column":72}},"47":{"start":{"line":10,"column":13},"end":{"line":10,"column":29}}},"fnMap":{"0":{"name":"(anonymous_1)","decl":{"start":{"line":10,"column":29},"end":{"line":10,"column":30}},"loc":{"start":{"line":10,"column":52},"end":{"line":134,"column":1}}},"1":{"name":"(anonymous_2)","decl":{"start":{"line":12,"column":9},"end":{"line":12,"column":10}},"loc":{"start":{"line":12,"column":26},"end":{"line":30,"column":3}}},"2":{"name":"(anonymous_3)","decl":{"start":{"line":32,"column":22},"end":{"line":32,"column":23}},"loc":{"start":{"line":32,"column":33},"end":{"line":133,"column":3}}},"3":{"name":"(anonymous_4)","decl":{"start":{"line":41,"column":30},"end":{"line":41,"column":35}},"loc":{"start":{"line":41,"column":45},"end":{"line":82,"column":5}}},"4":{"name":"(anonymous_5)","decl":{"start":{"line":85,"column":30},"end":{"line":85,"column":35}},"loc":{"start":{"line":85,"column":45},"end":{"line":110,"column":5}}},"5":{"name":"(anonymous_6)","decl":{"start":{"line":113,"column":30},"end":{"line":113,"column":31}},"loc":{"start":{"line":113,"column":39},"end":{"line":119,"column":5}}},"6":{"name":"(anonymous_7)","decl":{"start":{"line":121,"column":29},"end":{"line":121,"column":30}},"loc":{"start":{"line":121,"column":38},"end":{"line":127,"column":5}}},"7":{"name":"(anonymous_8)","decl":{"start":{"line":130,"column":28},"end":{"line":130,"column":31}},"loc":{"start":{"line":130,"column":33},"end":{"line":132,"column":5}}}},"branchMap":{"0":{"loc":{"start":{"line":15,"column":4},"end":{"line":17,"column":5}},"type":"if","locations":[{"start":{"line":15,"column":4},"end":{"line":17,"column":5}},{"start":{},"end":{}}]},"1":{"loc":{"start":{"line":22,"column":8},"end":{"line":22,"column":51}},"type":"binary-expr","locations":[{"start":{"line":22,"column":8},"end":{"line":22,"column":30}},{"start":{"line":22,"column":34},"end":{"line":22,"column":51}}]},"2":{"loc":{"start":{"line":43,"column":37},"end":{"line":43,"column":50}},"type":"default-arg","locations":[{"start":{"line":43,"column":44},"end":{"line":43,"column":50}}]},"3":{"loc":{"start":{"line":47,"column":8},"end":{"line":54,"column":9}},"type":"if","locations":[{"start":{"line":47,"column":8},"end":{"line":54,"column":9}},{"start":{},"end":{}}]},"4":{"loc":{"start":{"line":92,"column":10},"end":{"line":92,"column":64}},"type":"cond-expr","locations":[{"start":{"line":92,"column":22},"end":{"line":92,"column":35}},{"start":{"line":92,"column":38},"end":{"line":92,"column":64}}]},"5":{"loc":{"start":{"line":96,"column":8},"end":{"line":102,"column":9}},"type":"if","locations":[{"start":{"line":96,"column":8},"end":{"line":102,"column":9}},{"start":{},"end":{}}]}},"s":{"0":0,"1":0,"2":0,"3":0,"4":0,"5":0,"6":0,"7":0,"8":0,"9":0,"10":0,"11":0,"12":0,"13":0,"14":0,"15":0,"16":0,"17":0,"18":0,"19":0,"20":0,"21":0,"22":0,"23":0,"24":0,"25":0,"26":0,"27":0,"28":0,"29":0,"30":0,"31":0,"32":0,"33":0,"34":0,"35":0,"36":0,"37":0,"38":0,"39":0,"40":0,"41":0,"42":0,"43":0,"44":0,"45":0,"46":0,"47":0},"f":{"0":0,"1":0,"2":0,"3":0,"4":0,"5":0,"6":0,"7":0},"b":{"0":[0,0],"1":[0,0],"2":[0],"3":[0,0],"4":[0,0],"5":[0,0]}}}}
